\BOOKMARK [1][-]{section*.2}{List of Figures}{}% 1
\BOOKMARK [1][-]{section*.3}{List of Tables}{}% 2
\BOOKMARK [1][-]{section*.4}{List of Symbols}{}% 3
\BOOKMARK [1][-]{section.1}{Background and Literature Review}{}% 4
\BOOKMARK [2][-]{subsection.1.1}{Survey of methods for changing and matching skin colour in Photoshop}{section.1}% 5
\BOOKMARK [1][-]{section.2}{Methods}{}% 6
\BOOKMARK [2][-]{subsection.2.1}{Simple brightness addition / subtraction}{section.2}% 7
\BOOKMARK [2][-]{subsection.2.2}{Proportional adjustment relative to average color}{section.2}% 8
\BOOKMARK [2][-]{subsection.2.3}{Proportional adjustment with dark spot correction}{section.2}% 9
\BOOKMARK [2][-]{subsection.2.4}{Next iteration}{section.2}% 10
\BOOKMARK [1][-]{section*.19}{References}{}% 11
\BOOKMARK [1][-]{appendix.A}{Photoshop techniques for changing skintone from select online video tutorials}{}% 12
\BOOKMARK [2][-]{subsection.A.1}{Changing skin colour from dark to light photoshop:obama}{appendix.A}% 13
\BOOKMARK [2][-]{subsection.A.2}{Matching the skintones of face and body photoshop:matchbody}{appendix.A}% 14
\BOOKMARK [2][-]{subsection.A.3}{Matching the skintones of portraits of different people photoshop:matchother }{appendix.A}% 15
\BOOKMARK [1][-]{appendix.B}{Complete results for simple brightening}{}% 16
\BOOKMARK [1][-]{appendix.C}{Complete results for proportional brightness adjustment}{}% 17
\BOOKMARK [1][-]{appendix.D}{Complete results for proportional adjustment with darkspot correction, = 10}{}% 18
\BOOKMARK [1][-]{appendix.E}{Complete results for proportional adjustment with darkspot correction, = 5}{}% 19
\BOOKMARK [1][-]{appendix.F}{Complete results for proportional adjustment with darkspot correction, = 3}{}% 20
