This is pdfTeX, Version 3.14159265-2.6-1.40.17 (TeX Live 2016) (preloaded format=pdflatex 2017.5.13)  17 MAY 2017 18:24
entering extended mode
 restricted \write18 enabled.
 %&-line parsing enabled.
**dark_spot_remove_rpt.tex
(./dark_spot_remove_rpt.tex
LaTeX2e <2016/03/31>
Babel <3.9r> and hyphenation patterns for 22 language(s) loaded.
(/usr/local/texlive/2016basic/texmf-dist/tex/latex/base/article.cls
Document Class: article 2014/09/29 v1.4h Standard LaTeX document class
(/usr/local/texlive/2016basic/texmf-dist/tex/latex/base/size12.clo
File: size12.clo 2014/09/29 v1.4h Standard LaTeX file (size option)
)
\c@part=\count79
\c@section=\count80
\c@subsection=\count81
\c@subsubsection=\count82
\c@paragraph=\count83
\c@subparagraph=\count84
\c@figure=\count85
\c@table=\count86
\abovecaptionskip=\skip41
\belowcaptionskip=\skip42
\bibindent=\dimen102
)
(/usr/local/texlive/2016basic/texmf-dist/tex/latex/tools/array.sty
Package: array 2014/10/28 v2.4c Tabular extension package (FMi)
\col@sep=\dimen103
\extrarowheight=\dimen104
\NC@list=\toks14
\extratabsurround=\skip43
\backup@length=\skip44
)
(/usr/local/texlive/2016basic/texmf-dist/tex/latex/graphics/graphicx.sty
Package: graphicx 2014/10/28 v1.0g Enhanced LaTeX Graphics (DPC,SPQR)

(/usr/local/texlive/2016basic/texmf-dist/tex/latex/graphics/keyval.sty
Package: keyval 2014/10/28 v1.15 key=value parser (DPC)
\KV@toks@=\toks15
)
(/usr/local/texlive/2016basic/texmf-dist/tex/latex/graphics/graphics.sty
Package: graphics 2016/05/09 v1.0r Standard LaTeX Graphics (DPC,SPQR)

(/usr/local/texlive/2016basic/texmf-dist/tex/latex/graphics/trig.sty
Package: trig 2016/01/03 v1.10 sin cos tan (DPC)
)
(/usr/local/texlive/2016basic/texmf-dist/tex/latex/graphics-cfg/graphics.cfg
File: graphics.cfg 2016/01/02 v1.10 sample graphics configuration
)
Package graphics Info: Driver file: pdftex.def on input line 96.

(/usr/local/texlive/2016basic/texmf-dist/tex/latex/pdftex-def/pdftex.def
File: pdftex.def 2011/05/27 v0.06d Graphics/color for pdfTeX

(/usr/local/texlive/2016basic/texmf-dist/tex/generic/oberdiek/infwarerr.sty
Package: infwarerr 2016/05/16 v1.4 Providing info/warning/error messages (HO)
)
(/usr/local/texlive/2016basic/texmf-dist/tex/generic/oberdiek/ltxcmds.sty
Package: ltxcmds 2016/05/16 v1.23 LaTeX kernel commands for general use (HO)
)
\Gread@gobject=\count87
))
\Gin@req@height=\dimen105
\Gin@req@width=\dimen106
)
(/usr/local/texlive/2016basic/texmf-dist/tex/latex/tools/longtable.sty
Package: longtable 2014/10/28 v4.11 Multi-page Table package (DPC)
\LTleft=\skip45
\LTright=\skip46
\LTpre=\skip47
\LTpost=\skip48
\LTchunksize=\count88
\LTcapwidth=\dimen107
\LT@head=\box26
\LT@firsthead=\box27
\LT@foot=\box28
\LT@lastfoot=\box29
\LT@cols=\count89
\LT@rows=\count90
\c@LT@tables=\count91
\c@LT@chunks=\count92
\LT@p@ftn=\toks16
)
(/usr/local/texlive/2016basic/texmf-dist/tex/latex/etoolbox/etoolbox.sty
Package: etoolbox 2015/08/02 v2.2a e-TeX tools for LaTeX (JAW)
\etb@tempcnta=\count93
)
(/usr/local/texlive/2016basic/texmf-dist/tex/latex/caption/subcaption.sty
Package: subcaption 2016/02/20 v1.1-142 Sub-captions (AR)

(/usr/local/texlive/2016basic/texmf-dist/tex/latex/caption/caption.sty
Package: caption 2016/02/21 v3.3-144 Customizing captions (AR)

(/usr/local/texlive/2016basic/texmf-dist/tex/latex/caption/caption3.sty
Package: caption3 2016/02/04 v1.7-139 caption3 kernel (AR)
Package caption3 Info: TeX engine: e-TeX on input line 67.
\captionmargin=\dimen108
\captionmargin@=\dimen109
\captionwidth=\dimen110
\caption@tempdima=\dimen111
\caption@indent=\dimen112
\caption@parindent=\dimen113
\caption@hangindent=\dimen114
)
\c@ContinuedFloat=\count94
Package caption Info: longtable package is loaded.

(/usr/local/texlive/2016basic/texmf-dist/tex/latex/caption/ltcaption.sty
Package: ltcaption 2013/06/09 v1.4-94 longtable captions (AR)
))
\c@subfigure=\count95
\c@subtable=\count96
)
(/usr/local/texlive/2016basic/texmf-dist/tex/latex/float/float.sty
Package: float 2001/11/08 v1.3d Float enhancements (AL)
\c@float@type=\count97
\float@exts=\toks17
\float@box=\box30
\@float@everytoks=\toks18
\@floatcapt=\box31
)
(/usr/local/texlive/2016basic/texmf-dist/tex/latex/amsmath/amsmath.sty
Package: amsmath 2016/03/10 v2.15b AMS math features
\@mathmargin=\skip49

For additional information on amsmath, use the `?' option.
(/usr/local/texlive/2016basic/texmf-dist/tex/latex/amsmath/amstext.sty
Package: amstext 2000/06/29 v2.01 AMS text

(/usr/local/texlive/2016basic/texmf-dist/tex/latex/amsmath/amsgen.sty
File: amsgen.sty 1999/11/30 v2.0 generic functions
\@emptytoks=\toks19
\ex@=\dimen115
))
(/usr/local/texlive/2016basic/texmf-dist/tex/latex/amsmath/amsbsy.sty
Package: amsbsy 1999/11/29 v1.2d Bold Symbols
\pmbraise@=\dimen116
)
(/usr/local/texlive/2016basic/texmf-dist/tex/latex/amsmath/amsopn.sty
Package: amsopn 2016/03/08 v2.02 operator names
)
\inf@bad=\count98
LaTeX Info: Redefining \frac on input line 199.
\uproot@=\count99
\leftroot@=\count100
LaTeX Info: Redefining \overline on input line 297.
\classnum@=\count101
\DOTSCASE@=\count102
LaTeX Info: Redefining \ldots on input line 394.
LaTeX Info: Redefining \dots on input line 397.
LaTeX Info: Redefining \cdots on input line 518.
\Mathstrutbox@=\box32
\strutbox@=\box33
\big@size=\dimen117
LaTeX Font Info:    Redeclaring font encoding OML on input line 634.
LaTeX Font Info:    Redeclaring font encoding OMS on input line 635.
\macc@depth=\count103
\c@MaxMatrixCols=\count104
\dotsspace@=\muskip10
\c@parentequation=\count105
\dspbrk@lvl=\count106
\tag@help=\toks20
\row@=\count107
\column@=\count108
\maxfields@=\count109
\andhelp@=\toks21
\eqnshift@=\dimen118
\alignsep@=\dimen119
\tagshift@=\dimen120
\tagwidth@=\dimen121
\totwidth@=\dimen122
\lineht@=\dimen123
\@envbody=\toks22
\multlinegap=\skip50
\multlinetaggap=\skip51
\mathdisplay@stack=\toks23
LaTeX Info: Redefining \[ on input line 2739.
LaTeX Info: Redefining \] on input line 2740.
)
(/usr/local/texlive/2016basic/texmf-dist/tex/latex/mathtools/mathtools.sty
Package: mathtools 2015/11/12 v1.18 mathematical typesetting tools

(/usr/local/texlive/2016basic/texmf-dist/tex/latex/tools/calc.sty
Package: calc 2014/10/28 v4.3 Infix arithmetic (KKT,FJ)
\calc@Acount=\count110
\calc@Bcount=\count111
\calc@Adimen=\dimen124
\calc@Bdimen=\dimen125
\calc@Askip=\skip52
\calc@Bskip=\skip53
LaTeX Info: Redefining \setlength on input line 80.
LaTeX Info: Redefining \addtolength on input line 81.
\calc@Ccount=\count112
\calc@Cskip=\skip54
)
(/usr/local/texlive/2016basic/texmf-dist/tex/latex/mathtools/mhsetup.sty
Package: mhsetup 2010/01/21 v1.2a programming setup (MH)
)
LaTeX Info: Thecontrolsequence`\('isalreadyrobust on input line 129.
LaTeX Info: Thecontrolsequence`\)'isalreadyrobust on input line 129.
LaTeX Info: Thecontrolsequence`\['isalreadyrobust on input line 129.
LaTeX Info: Thecontrolsequence`\]'isalreadyrobust on input line 129.
\g_MT_multlinerow_int=\count113
\l_MT_multwidth_dim=\dimen126
\origjot=\skip55
\l_MT_shortvdotswithinadjustabove_dim=\dimen127
\l_MT_shortvdotswithinadjustbelow_dim=\dimen128
\l_MT_above_intertext_sep=\dimen129
\l_MT_below_intertext_sep=\dimen130
\l_MT_above_shortintertext_sep=\dimen131
\l_MT_below_shortintertext_sep=\dimen132
)
\c@rowcntr=\count114

(./dark_spot_remove_rpt.aux)
\openout1 = `dark_spot_remove_rpt.aux'.

LaTeX Font Info:    Checking defaults for OML/cmm/m/it on input line 23.
LaTeX Font Info:    ... okay on input line 23.
LaTeX Font Info:    Checking defaults for T1/cmr/m/n on input line 23.
LaTeX Font Info:    ... okay on input line 23.
LaTeX Font Info:    Checking defaults for OT1/cmr/m/n on input line 23.
LaTeX Font Info:    ... okay on input line 23.
LaTeX Font Info:    Checking defaults for OMS/cmsy/m/n on input line 23.
LaTeX Font Info:    ... okay on input line 23.
LaTeX Font Info:    Checking defaults for OMX/cmex/m/n on input line 23.
LaTeX Font Info:    ... okay on input line 23.
LaTeX Font Info:    Checking defaults for U/cmr/m/n on input line 23.
LaTeX Font Info:    ... okay on input line 23.

(/usr/local/texlive/2016basic/texmf-dist/tex/context/base/mkii/supp-pdf.mkii
[Loading MPS to PDF converter (version 2006.09.02).]
\scratchcounter=\count115
\scratchdimen=\dimen133
\scratchbox=\box34
\nofMPsegments=\count116
\nofMParguments=\count117
\everyMPshowfont=\toks24
\MPscratchCnt=\count118
\MPscratchDim=\dimen134
\MPnumerator=\count119
\makeMPintoPDFobject=\count120
\everyMPtoPDFconversion=\toks25
) (/usr/local/texlive/2016basic/texmf-dist/tex/generic/oberdiek/pdftexcmds.sty
Package: pdftexcmds 2016/05/10 v0.21 Utility functions of pdfTeX for LuaTeX (HO
)

(/usr/local/texlive/2016basic/texmf-dist/tex/generic/oberdiek/ifluatex.sty
Package: ifluatex 2016/05/16 v1.4 Provides the ifluatex switch (HO)
Package ifluatex Info: LuaTeX not detected.
)
(/usr/local/texlive/2016basic/texmf-dist/tex/generic/oberdiek/ifpdf.sty
Package: ifpdf 2016/05/14 v3.1 Provides the ifpdf switch
)
Package pdftexcmds Info: LuaTeX not detected.
Package pdftexcmds Info: \pdf@primitive is available.
Package pdftexcmds Info: \pdf@ifprimitive is available.
Package pdftexcmds Info: \pdfdraftmode found.
)
(/usr/local/texlive/2016basic/texmf-dist/tex/latex/oberdiek/epstopdf-base.sty
Package: epstopdf-base 2016/05/15 v2.6 Base part for package epstopdf

(/usr/local/texlive/2016basic/texmf-dist/tex/latex/oberdiek/grfext.sty
Package: grfext 2016/05/16 v1.2 Manage graphics extensions (HO)

(/usr/local/texlive/2016basic/texmf-dist/tex/generic/oberdiek/kvdefinekeys.sty
Package: kvdefinekeys 2016/05/16 v1.4 Define keys (HO)
)) (/usr/local/texlive/2016basic/texmf-dist/tex/latex/oberdiek/kvoptions.sty
Package: kvoptions 2016/05/16 v3.12 Key value format for package options (HO)

(/usr/local/texlive/2016basic/texmf-dist/tex/generic/oberdiek/kvsetkeys.sty
Package: kvsetkeys 2016/05/16 v1.17 Key value parser (HO)

(/usr/local/texlive/2016basic/texmf-dist/tex/generic/oberdiek/etexcmds.sty
Package: etexcmds 2016/05/16 v1.6 Avoid name clashes with e-TeX commands (HO)
Package etexcmds Info: Could not find \expanded.
(etexcmds)             That can mean that you are not using pdfTeX 1.50 or
(etexcmds)             that some package has redefined \expanded.
(etexcmds)             In the latter case, load this package earlier.
)))
Package grfext Info: Graphics extension search list:
(grfext)             [.png,.pdf,.jpg,.mps,.jpeg,.jbig2,.jb2,.PNG,.PDF,.JPG,.JPE
G,.JBIG2,.JB2,.eps]
(grfext)             \AppendGraphicsExtensions on input line 456.

(/usr/local/texlive/2016basic/texmf-dist/tex/latex/latexconfig/epstopdf-sys.cfg
File: epstopdf-sys.cfg 2010/07/13 v1.3 Configuration of (r)epstopdf for TeX Liv
e
))
Package caption Info: Begin \AtBeginDocument code.
Package caption Info: float package is loaded.
Package caption Info: End \AtBeginDocument code.
 (./dark_spot_remove_rpt.toc)
\tf@toc=\write3
\openout3 = `dark_spot_remove_rpt.toc'.

 [1

{/usr/local/texlive/2016basic/texmf-var/fonts/map/pdftex/updmap/pdftex.map}] (.
/dark_spot_remove_rpt.lof)
\tf@lof=\write4
\openout4 = `dark_spot_remove_rpt.lof'.


(./dark_spot_remove_rpt.lot)
\tf@lot=\write5
\openout5 = `dark_spot_remove_rpt.lot'.

 [2] [3]
<images/hand_dark.jpg, id=14, 1003.75pt x 717.68124pt>
File: images/hand_dark.jpg Graphic file (type jpg)

<use images/hand_dark.jpg>
Package pdftex.def Info: images/hand_dark.jpg used on input line 49.
(pdftex.def)             Requested size: 77.99881pt x 55.76207pt.

<images/hand_brown.jpg, id=15, 738.76pt x 526.96875pt>
File: images/hand_brown.jpg Graphic file (type jpg)

<use images/hand_brown.jpg>
Package pdftex.def Info: images/hand_brown.jpg used on input line 54.
(pdftex.def)             Requested size: 77.99881pt x 55.63487pt.

<images/hand_light.jpg, id=16, 1003.75pt x 857.2025pt>
File: images/hand_light.jpg Graphic file (type jpg)

<use images/hand_light.jpg>
Package pdftex.def Info: images/hand_light.jpg used on input line 59.
(pdftex.def)             Requested size: 77.99881pt x 66.60254pt.

<images/hand_pale.jpg, id=17, 803.0pt x 604.2575pt>
File: images/hand_pale.jpg Graphic file (type jpg)
 <use images/hand_pale.jpg>
Package pdftex.def Info: images/hand_pale.jpg used on input line 64.
(pdftex.def)             Requested size: 77.99881pt x 58.68666pt.

[4 <./images/hand_dark.jpg> <./images/hand_brown.jpg> <./images/hand_light.jpg>
 <./images/hand_pale.jpg>]
<../inputs/hand_dark.jpg, id=22, 1003.75pt x 717.68124pt>
File: ../inputs/hand_dark.jpg Graphic file (type jpg)

<use ../inputs/hand_dark.jpg>
Package pdftex.def Info: ../inputs/hand_dark.jpg used on input line 99.
(pdftex.def)             Requested size: 113.09312pt x 80.86159pt.

<../inputs/hand_light.jpg, id=23, 1003.75pt x 857.2025pt>
File: ../inputs/hand_light.jpg Graphic file (type jpg)

<use ../inputs/hand_light.jpg>
Package pdftex.def Info: ../inputs/hand_light.jpg used on input line 102.
(pdftex.def)             Requested size: 113.09312pt x 96.58153pt.

<../rc_test/outputs/20170516_boost_test/hand_dark_to_hand_light.jpg, id=24, 100
3.75pt x 717.68124pt>
File: ../rc_test/outputs/20170516_boost_test/hand_dark_to_hand_light.jpg Graphi
c file (type jpg)

<use ../rc_test/outputs/20170516_boost_test/hand_dark_to_hand_light.jpg>
Package pdftex.def Info: ../rc_test/outputs/20170516_boost_test/hand_dark_to_ha
nd_light.jpg used on input line 105.
(pdftex.def)             Requested size: 113.09312pt x 80.86159pt.

<../inputs/hand_brown.jpg, id=25, 738.76pt x 526.96875pt>
File: ../inputs/hand_brown.jpg Graphic file (type jpg)

<use ../inputs/hand_brown.jpg>
Package pdftex.def Info: ../inputs/hand_brown.jpg used on input line 109.
(pdftex.def)             Requested size: 113.08627pt x 80.66615pt.
File: ../inputs/hand_dark.jpg Graphic file (type jpg)
 <use ../inputs/hand_dark.jpg>
Package pdftex.def Info: ../inputs/hand_dark.jpg used on input line 112.
(pdftex.def)             Requested size: 113.09312pt x 80.86159pt.

<../rc_test/outputs/20170516_boost_test/hand_brown_to_hand_dark.jpg, id=26, 738
.76pt x 526.96875pt>
File: ../rc_test/outputs/20170516_boost_test/hand_brown_to_hand_dark.jpg Graphi
c file (type jpg)

<use ../rc_test/outputs/20170516_boost_test/hand_brown_to_hand_dark.jpg>
Package pdftex.def Info: ../rc_test/outputs/20170516_boost_test/hand_brown_to_h
and_dark.jpg used on input line 115.
(pdftex.def)             Requested size: 113.08627pt x 80.66615pt.
File: ../inputs/hand_brown.jpg Graphic file (type jpg)

<use ../inputs/hand_brown.jpg>
Package pdftex.def Info: ../inputs/hand_brown.jpg used on input line 119.
(pdftex.def)             Requested size: 113.08627pt x 80.66615pt.
File: ../inputs/hand_light.jpg Graphic file (type jpg)
 <use ../inputs/hand_light.jpg>
Package pdftex.def Info: ../inputs/hand_light.jpg used on input line 122.
(pdftex.def)             Requested size: 113.09312pt x 96.58153pt.

<../rc_test/outputs/20170516_boost_test/hand_brown_to_hand_light.jpg, id=27, 73
8.76pt x 526.96875pt>
File: ../rc_test/outputs/20170516_boost_test/hand_brown_to_hand_light.jpg Graph
ic file (type jpg)

<use ../rc_test/outputs/20170516_boost_test/hand_brown_to_hand_light.jpg>
Package pdftex.def Info: ../rc_test/outputs/20170516_boost_test/hand_brown_to_h
and_light.jpg used on input line 125.
(pdftex.def)             Requested size: 113.08627pt x 80.66615pt.
File: ../inputs/hand_brown.jpg Graphic file (type jpg)

<use ../inputs/hand_brown.jpg>
Package pdftex.def Info: ../inputs/hand_brown.jpg used on input line 129.
(pdftex.def)             Requested size: 113.08627pt x 80.66615pt.

<../inputs/hand_pale.jpg, id=28, 803.0pt x 604.2575pt>
File: ../inputs/hand_pale.jpg Graphic file (type jpg)

<use ../inputs/hand_pale.jpg>
Package pdftex.def Info: ../inputs/hand_pale.jpg used on input line 132.
(pdftex.def)             Requested size: 113.09312pt x 85.10258pt.

<../rc_test/outputs/20170516_boost_test/hand_brown_to_hand_pale.jpg, id=29, 738
.76pt x 526.96875pt>
File: ../rc_test/outputs/20170516_boost_test/hand_brown_to_hand_pale.jpg Graphi
c file (type jpg)

<use ../rc_test/outputs/20170516_boost_test/hand_brown_to_hand_pale.jpg>
Package pdftex.def Info: ../rc_test/outputs/20170516_boost_test/hand_brown_to_h
and_pale.jpg used on input line 135.
(pdftex.def)             Requested size: 113.08627pt x 80.66615pt.

Overfull \hbox (19.63914pt too wide) in alignment at lines 93--138
 [] [] [] [] 
 []

[5] [6 <../inputs/hand_dark.jpg> <../inputs/hand_light.jpg> <../rc_test/outputs
/20170516_boost_test/hand_dark_to_hand_light.jpg> <../inputs/hand_brown.jpg> <.
./rc_test/outputs/20170516_boost_test/hand_brown_to_hand_dark.jpg> <../rc_test/
outputs/20170516_boost_test/hand_brown_to_hand_light.jpg> <../inputs/hand_pale.
jpg> <../rc_test/outputs/20170516_boost_test/hand_brown_to_hand_pale.jpg>]
File: ../inputs/hand_dark.jpg Graphic file (type jpg)

<use ../inputs/hand_dark.jpg>
Package pdftex.def Info: ../inputs/hand_dark.jpg used on input line 170.
(pdftex.def)             Requested size: 113.09312pt x 80.86159pt.
File: ../inputs/hand_light.jpg Graphic file (type jpg)
 <use ../inputs/hand_light.jpg>
Package pdftex.def Info: ../inputs/hand_light.jpg used on input line 173.
(pdftex.def)             Requested size: 113.09312pt x 96.58153pt.

<../rc_test/outputs/20170516_proportional_test/hand_dark_to_hand_light.jpg, id=
40, 1003.75pt x 717.68124pt>
File: ../rc_test/outputs/20170516_proportional_test/hand_dark_to_hand_light.jpg
 Graphic file (type jpg)

<use ../rc_test/outputs/20170516_proportional_test/hand_dark_to_hand_light.jpg>
Package pdftex.def Info: ../rc_test/outputs/20170516_proportional_test/hand_dar
k_to_hand_light.jpg used on input line 176.
(pdftex.def)             Requested size: 113.09312pt x 80.86159pt.
File: ../inputs/hand_brown.jpg Graphic file (type jpg)
<use ../inputs/hand_brown.jpg>
Package pdftex.def Info: ../inputs/hand_brown.jpg used on input line 180.
(pdftex.def)             Requested size: 113.08627pt x 80.66615pt.
File: ../inputs/hand_dark.jpg Graphic file (type jpg)
 <use ../inputs/hand_dark.jpg>
Package pdftex.def Info: ../inputs/hand_dark.jpg used on input line 183.
(pdftex.def)             Requested size: 113.09312pt x 80.86159pt.

<../rc_test/outputs/20170516_proportional_test/hand_brown_to_hand_dark.jpg, id=
41, 738.76pt x 526.96875pt>
File: ../rc_test/outputs/20170516_proportional_test/hand_brown_to_hand_dark.jpg
 Graphic file (type jpg)

<use ../rc_test/outputs/20170516_proportional_test/hand_brown_to_hand_dark.jpg>
Package pdftex.def Info: ../rc_test/outputs/20170516_proportional_test/hand_bro
wn_to_hand_dark.jpg used on input line 186.
(pdftex.def)             Requested size: 113.08627pt x 80.66615pt.
File: ../inputs/hand_brown.jpg Graphic file (type jpg)
<use ../inputs/hand_brown.jpg>
Package pdftex.def Info: ../inputs/hand_brown.jpg used on input line 190.
(pdftex.def)             Requested size: 113.08627pt x 80.66615pt.
File: ../inputs/hand_light.jpg Graphic file (type jpg)
 <use ../inputs/hand_light.jpg>
Package pdftex.def Info: ../inputs/hand_light.jpg used on input line 193.
(pdftex.def)             Requested size: 113.09312pt x 96.58153pt.

<../rc_test/outputs/20170516_proportional_test/hand_brown_to_hand_light.jpg, id
=42, 738.76pt x 526.96875pt>
File: ../rc_test/outputs/20170516_proportional_test/hand_brown_to_hand_light.jp
g Graphic file (type jpg)

<use ../rc_test/outputs/20170516_proportional_test/hand_brown_to_hand_light.jpg
>
Package pdftex.def Info: ../rc_test/outputs/20170516_proportional_test/hand_bro
wn_to_hand_light.jpg used on input line 196.
(pdftex.def)             Requested size: 113.08627pt x 80.66615pt.
File: ../inputs/hand_brown.jpg Graphic file (type jpg)
 <use ../inputs/hand_brown.jpg>
Package pdftex.def Info: ../inputs/hand_brown.jpg used on input line 200.
(pdftex.def)             Requested size: 113.08627pt x 80.66615pt.
File: ../inputs/hand_pale.jpg Graphic file (type jpg)
 <use ../inputs/hand_pale.jpg>
Package pdftex.def Info: ../inputs/hand_pale.jpg used on input line 203.
(pdftex.def)             Requested size: 113.09312pt x 85.10258pt.
File: ../rc_test/outputs/20170516_boost_test/hand_brown_to_hand_pale.jpg Graphi
c file (type jpg)

<use ../rc_test/outputs/20170516_boost_test/hand_brown_to_hand_pale.jpg>
Package pdftex.def Info: ../rc_test/outputs/20170516_boost_test/hand_brown_to_h
and_pale.jpg used on input line 206.
(pdftex.def)             Requested size: 113.08627pt x 80.66615pt.

Overfull \hbox (19.63914pt too wide) in alignment at lines 164--209
 [] [] [] [] 
 []

[7 <../rc_test/outputs/20170516_proportional_test/hand_dark_to_hand_light.jpg>]
File: ../rc_test/outputs/20170516_boost_test/hand_dark_to_hand_light.jpg Graphi
c file (type jpg)
<use ../rc_test/outputs/20170516_boost_test/hand_dark_to_hand_light.jpg>
Package pdftex.def Info: ../rc_test/outputs/20170516_boost_test/hand_dark_to_ha
nd_light.jpg used on input line 216.
(pdftex.def)             Requested size: 155.99762pt x 111.53511pt.
File: ../rc_test/outputs/20170516_proportional_test/hand_dark_to_hand_light.jpg
 Graphic file (type jpg)

<use ../rc_test/outputs/20170516_proportional_test/hand_dark_to_hand_light.jpg>
Package pdftex.def Info: ../rc_test/outputs/20170516_proportional_test/hand_dar
k_to_hand_light.jpg used on input line 221.
(pdftex.def)             Requested size: 155.99762pt x 111.53511pt.
[8 <../rc_test/outputs/20170516_proportional_test/hand_brown_to_hand_dark.jpg> 
<../rc_test/outputs/20170516_proportional_test/hand_brown_to_hand_light.jpg>]
[9] (./latex_maker/boost_test-summary.tex
File: ../inputs/hand_dark.jpg Graphic file (type jpg)
 <use ../inputs/hand_dark.jpg>
Package pdftex.def Info: ../inputs/hand_dark.jpg used on input line 8.
(pdftex.def)             Requested size: 113.09312pt x 80.86159pt.
File: ../inputs/hand_brown.jpg Graphic file (type jpg)

<use ../inputs/hand_brown.jpg>
Package pdftex.def Info: ../inputs/hand_brown.jpg used on input line 11.
(pdftex.def)             Requested size: 113.08627pt x 80.66615pt.

<../rc_test/outputs/20170516_boost_test/hand_dark_to_hand_brown.jpg, id=54, 100
3.75pt x 717.68124pt>
File: ../rc_test/outputs/20170516_boost_test/hand_dark_to_hand_brown.jpg Graphi
c file (type jpg)

<use ../rc_test/outputs/20170516_boost_test/hand_dark_to_hand_brown.jpg>
Package pdftex.def Info: ../rc_test/outputs/20170516_boost_test/hand_dark_to_ha
nd_brown.jpg used on input line 14.
(pdftex.def)             Requested size: 113.09312pt x 80.86159pt.
File: ../inputs/hand_dark.jpg Graphic file (type jpg)

<use ../inputs/hand_dark.jpg>
Package pdftex.def Info: ../inputs/hand_dark.jpg used on input line 18.
(pdftex.def)             Requested size: 113.09312pt x 80.86159pt.
File: ../inputs/hand_light.jpg Graphic file (type jpg)
 <use ../inputs/hand_light.jpg>
Package pdftex.def Info: ../inputs/hand_light.jpg used on input line 21.
(pdftex.def)             Requested size: 113.09312pt x 96.58153pt.
File: ../rc_test/outputs/20170516_boost_test/hand_dark_to_hand_light.jpg Graphi
c file (type jpg)

<use ../rc_test/outputs/20170516_boost_test/hand_dark_to_hand_light.jpg>
Package pdftex.def Info: ../rc_test/outputs/20170516_boost_test/hand_dark_to_ha
nd_light.jpg used on input line 24.
(pdftex.def)             Requested size: 113.09312pt x 80.86159pt.
File: ../inputs/hand_dark.jpg Graphic file (type jpg)

<use ../inputs/hand_dark.jpg>
Package pdftex.def Info: ../inputs/hand_dark.jpg used on input line 28.
(pdftex.def)             Requested size: 113.09312pt x 80.86159pt.
File: ../inputs/hand_pale.jpg Graphic file (type jpg)
 <use ../inputs/hand_pale.jpg>
Package pdftex.def Info: ../inputs/hand_pale.jpg used on input line 31.
(pdftex.def)             Requested size: 113.09312pt x 85.10258pt.

<../rc_test/outputs/20170516_boost_test/hand_dark_to_hand_pale.jpg, id=55, 1003
.75pt x 717.68124pt>
File: ../rc_test/outputs/20170516_boost_test/hand_dark_to_hand_pale.jpg Graphic
 file (type jpg)

<use ../rc_test/outputs/20170516_boost_test/hand_dark_to_hand_pale.jpg>
Package pdftex.def Info: ../rc_test/outputs/20170516_boost_test/hand_dark_to_ha
nd_pale.jpg used on input line 34.
(pdftex.def)             Requested size: 113.09312pt x 80.86159pt.
File: ../inputs/hand_brown.jpg Graphic file (type jpg)

<use ../inputs/hand_brown.jpg>
Package pdftex.def Info: ../inputs/hand_brown.jpg used on input line 38.
(pdftex.def)             Requested size: 113.08627pt x 80.66615pt.
File: ../inputs/hand_dark.jpg Graphic file (type jpg)
 <use ../inputs/hand_dark.jpg>
Package pdftex.def Info: ../inputs/hand_dark.jpg used on input line 41.
(pdftex.def)             Requested size: 113.09312pt x 80.86159pt.
File: ../rc_test/outputs/20170516_boost_test/hand_brown_to_hand_dark.jpg Graphi
c file (type jpg)

<use ../rc_test/outputs/20170516_boost_test/hand_brown_to_hand_dark.jpg>
Package pdftex.def Info: ../rc_test/outputs/20170516_boost_test/hand_brown_to_h
and_dark.jpg used on input line 44.
(pdftex.def)             Requested size: 113.08627pt x 80.66615pt.
File: ../inputs/hand_brown.jpg Graphic file (type jpg)

<use ../inputs/hand_brown.jpg>
Package pdftex.def Info: ../inputs/hand_brown.jpg used on input line 48.
(pdftex.def)             Requested size: 113.08627pt x 80.66615pt.
File: ../inputs/hand_light.jpg Graphic file (type jpg)
 <use ../inputs/hand_light.jpg>
Package pdftex.def Info: ../inputs/hand_light.jpg used on input line 51.
(pdftex.def)             Requested size: 113.09312pt x 96.58153pt.
File: ../rc_test/outputs/20170516_boost_test/hand_brown_to_hand_light.jpg Graph
ic file (type jpg)

<use ../rc_test/outputs/20170516_boost_test/hand_brown_to_hand_light.jpg>
Package pdftex.def Info: ../rc_test/outputs/20170516_boost_test/hand_brown_to_h
and_light.jpg used on input line 54.
(pdftex.def)             Requested size: 113.08627pt x 80.66615pt.
File: ../inputs/hand_brown.jpg Graphic file (type jpg)

<use ../inputs/hand_brown.jpg>
Package pdftex.def Info: ../inputs/hand_brown.jpg used on input line 58.
(pdftex.def)             Requested size: 113.08627pt x 80.66615pt.
File: ../inputs/hand_pale.jpg Graphic file (type jpg)
 <use ../inputs/hand_pale.jpg>
Package pdftex.def Info: ../inputs/hand_pale.jpg used on input line 61.
(pdftex.def)             Requested size: 113.09312pt x 85.10258pt.
File: ../rc_test/outputs/20170516_boost_test/hand_brown_to_hand_pale.jpg Graphi
c file (type jpg)

<use ../rc_test/outputs/20170516_boost_test/hand_brown_to_hand_pale.jpg>
Package pdftex.def Info: ../rc_test/outputs/20170516_boost_test/hand_brown_to_h
and_pale.jpg used on input line 64.
(pdftex.def)             Requested size: 113.08627pt x 80.66615pt.
File: ../inputs/hand_light.jpg Graphic file (type jpg)

<use ../inputs/hand_light.jpg>
Package pdftex.def Info: ../inputs/hand_light.jpg used on input line 68.
(pdftex.def)             Requested size: 113.09312pt x 96.58153pt.
File: ../inputs/hand_dark.jpg Graphic file (type jpg)
 <use ../inputs/hand_dark.jpg>
Package pdftex.def Info: ../inputs/hand_dark.jpg used on input line 71.
(pdftex.def)             Requested size: 113.09312pt x 80.86159pt.

<../rc_test/outputs/20170516_boost_test/hand_light_to_hand_dark.jpg, id=56, 100
3.75pt x 857.2025pt>
File: ../rc_test/outputs/20170516_boost_test/hand_light_to_hand_dark.jpg Graphi
c file (type jpg)

<use ../rc_test/outputs/20170516_boost_test/hand_light_to_hand_dark.jpg>
Package pdftex.def Info: ../rc_test/outputs/20170516_boost_test/hand_light_to_h
and_dark.jpg used on input line 74.
(pdftex.def)             Requested size: 113.09312pt x 96.58153pt.
File: ../inputs/hand_light.jpg Graphic file (type jpg)

<use ../inputs/hand_light.jpg>
Package pdftex.def Info: ../inputs/hand_light.jpg used on input line 78.
(pdftex.def)             Requested size: 113.09312pt x 96.58153pt.
File: ../inputs/hand_brown.jpg Graphic file (type jpg)
 <use ../inputs/hand_brown.jpg>
Package pdftex.def Info: ../inputs/hand_brown.jpg used on input line 81.
(pdftex.def)             Requested size: 113.08627pt x 80.66615pt.

<../rc_test/outputs/20170516_boost_test/hand_light_to_hand_brown.jpg, id=57, 10
03.75pt x 857.2025pt>
File: ../rc_test/outputs/20170516_boost_test/hand_light_to_hand_brown.jpg Graph
ic file (type jpg)

<use ../rc_test/outputs/20170516_boost_test/hand_light_to_hand_brown.jpg>
Package pdftex.def Info: ../rc_test/outputs/20170516_boost_test/hand_light_to_h
and_brown.jpg used on input line 84.
(pdftex.def)             Requested size: 113.09312pt x 96.58153pt.
File: ../inputs/hand_light.jpg Graphic file (type jpg)

<use ../inputs/hand_light.jpg>
Package pdftex.def Info: ../inputs/hand_light.jpg used on input line 88.
(pdftex.def)             Requested size: 113.09312pt x 96.58153pt.
File: ../inputs/hand_pale.jpg Graphic file (type jpg)
 <use ../inputs/hand_pale.jpg>
Package pdftex.def Info: ../inputs/hand_pale.jpg used on input line 91.
(pdftex.def)             Requested size: 113.09312pt x 85.10258pt.

<../rc_test/outputs/20170516_boost_test/hand_light_to_hand_pale.jpg, id=58, 100
3.75pt x 857.2025pt>
File: ../rc_test/outputs/20170516_boost_test/hand_light_to_hand_pale.jpg Graphi
c file (type jpg)

<use ../rc_test/outputs/20170516_boost_test/hand_light_to_hand_pale.jpg>
Package pdftex.def Info: ../rc_test/outputs/20170516_boost_test/hand_light_to_h
and_pale.jpg used on input line 94.
(pdftex.def)             Requested size: 113.09312pt x 96.58153pt.
File: ../inputs/hand_pale.jpg Graphic file (type jpg)

<use ../inputs/hand_pale.jpg>
Package pdftex.def Info: ../inputs/hand_pale.jpg used on input line 98.
(pdftex.def)             Requested size: 113.09312pt x 85.10258pt.
File: ../inputs/hand_dark.jpg Graphic file (type jpg)
 <use ../inputs/hand_dark.jpg>
Package pdftex.def Info: ../inputs/hand_dark.jpg used on input line 101.
(pdftex.def)             Requested size: 113.09312pt x 80.86159pt.

<../rc_test/outputs/20170516_boost_test/hand_pale_to_hand_dark.jpg, id=59, 803.
0pt x 604.2575pt>
File: ../rc_test/outputs/20170516_boost_test/hand_pale_to_hand_dark.jpg Graphic
 file (type jpg)

<use ../rc_test/outputs/20170516_boost_test/hand_pale_to_hand_dark.jpg>
Package pdftex.def Info: ../rc_test/outputs/20170516_boost_test/hand_pale_to_ha
nd_dark.jpg used on input line 104.
(pdftex.def)             Requested size: 113.09312pt x 85.10258pt.
File: ../inputs/hand_pale.jpg Graphic file (type jpg)

<use ../inputs/hand_pale.jpg>
Package pdftex.def Info: ../inputs/hand_pale.jpg used on input line 108.
(pdftex.def)             Requested size: 113.09312pt x 85.10258pt.
File: ../inputs/hand_brown.jpg Graphic file (type jpg)
 <use ../inputs/hand_brown.jpg>
Package pdftex.def Info: ../inputs/hand_brown.jpg used on input line 111.
(pdftex.def)             Requested size: 113.08627pt x 80.66615pt.

<../rc_test/outputs/20170516_boost_test/hand_pale_to_hand_brown.jpg, id=60, 803
.0pt x 604.2575pt>
File: ../rc_test/outputs/20170516_boost_test/hand_pale_to_hand_brown.jpg Graphi
c file (type jpg)

<use ../rc_test/outputs/20170516_boost_test/hand_pale_to_hand_brown.jpg>
Package pdftex.def Info: ../rc_test/outputs/20170516_boost_test/hand_pale_to_ha
nd_brown.jpg used on input line 114.
(pdftex.def)             Requested size: 113.09312pt x 85.10258pt.
File: ../inputs/hand_pale.jpg Graphic file (type jpg)

<use ../inputs/hand_pale.jpg>
Package pdftex.def Info: ../inputs/hand_pale.jpg used on input line 118.
(pdftex.def)             Requested size: 113.09312pt x 85.10258pt.
File: ../inputs/hand_light.jpg Graphic file (type jpg)
 <use ../inputs/hand_light.jpg>
Package pdftex.def Info: ../inputs/hand_light.jpg used on input line 121.
(pdftex.def)             Requested size: 113.09312pt x 96.58153pt.

<../rc_test/outputs/20170516_boost_test/hand_pale_to_hand_light.jpg, id=61, 803
.0pt x 604.2575pt>
File: ../rc_test/outputs/20170516_boost_test/hand_pale_to_hand_light.jpg Graphi
c file (type jpg)

<use ../rc_test/outputs/20170516_boost_test/hand_pale_to_hand_light.jpg>
Package pdftex.def Info: ../rc_test/outputs/20170516_boost_test/hand_pale_to_ha
nd_light.jpg used on input line 124.
(pdftex.def)             Requested size: 113.09312pt x 85.10258pt.

Overfull \hbox (22.58078pt too wide) in alignment at lines 1--127
 [] [] [] [] 
 []

[10 <../rc_test/outputs/20170516_boost_test/hand_dark_to_hand_brown.jpg> <../rc
_test/outputs/20170516_boost_test/hand_dark_to_hand_pale.jpg>] [11 <../rc_test/
outputs/20170516_boost_test/hand_light_to_hand_dark.jpg> <../rc_test/outputs/20
170516_boost_test/hand_light_to_hand_brown.jpg> <../rc_test/outputs/20170516_bo
ost_test/hand_light_to_hand_pale.jpg> <../rc_test/outputs/20170516_boost_test/h
and_pale_to_hand_dark.jpg> <../rc_test/outputs/20170516_boost_test/hand_pale_to
_hand_brown.jpg>]) [12 <../rc_test/outputs/20170516_boost_test/hand_pale_to_han
d_light.jpg>] (./latex_maker/prop_test-summary.tex
File: ../inputs/hand_dark.jpg Graphic file (type jpg)

<use ../inputs/hand_dark.jpg>
Package pdftex.def Info: ../inputs/hand_dark.jpg used on input line 8.
(pdftex.def)             Requested size: 113.09312pt x 80.86159pt.
File: ../inputs/hand_brown.jpg Graphic file (type jpg)
 <use ../inputs/hand_brown.jpg>
Package pdftex.def Info: ../inputs/hand_brown.jpg used on input line 11.
(pdftex.def)             Requested size: 113.08627pt x 80.66615pt.

<../rc_test/outputs/20170516_proportional_test/hand_dark_to_hand_brown.jpg, id=
71, 1003.75pt x 717.68124pt>
File: ../rc_test/outputs/20170516_proportional_test/hand_dark_to_hand_brown.jpg
 Graphic file (type jpg)

<use ../rc_test/outputs/20170516_proportional_test/hand_dark_to_hand_brown.jpg>
Package pdftex.def Info: ../rc_test/outputs/20170516_proportional_test/hand_dar
k_to_hand_brown.jpg used on input line 14.
(pdftex.def)             Requested size: 113.09312pt x 80.86159pt.
File: ../inputs/hand_dark.jpg Graphic file (type jpg)
<use ../inputs/hand_dark.jpg>
Package pdftex.def Info: ../inputs/hand_dark.jpg used on input line 18.
(pdftex.def)             Requested size: 113.09312pt x 80.86159pt.
File: ../inputs/hand_light.jpg Graphic file (type jpg)
 <use ../inputs/hand_light.jpg>
Package pdftex.def Info: ../inputs/hand_light.jpg used on input line 21.
(pdftex.def)             Requested size: 113.09312pt x 96.58153pt.
File: ../rc_test/outputs/20170516_proportional_test/hand_dark_to_hand_light.jpg
 Graphic file (type jpg)

<use ../rc_test/outputs/20170516_proportional_test/hand_dark_to_hand_light.jpg>
Package pdftex.def Info: ../rc_test/outputs/20170516_proportional_test/hand_dar
k_to_hand_light.jpg used on input line 24.
(pdftex.def)             Requested size: 113.09312pt x 80.86159pt.
File: ../inputs/hand_dark.jpg Graphic file (type jpg)
<use ../inputs/hand_dark.jpg>
Package pdftex.def Info: ../inputs/hand_dark.jpg used on input line 28.
(pdftex.def)             Requested size: 113.09312pt x 80.86159pt.
File: ../inputs/hand_pale.jpg Graphic file (type jpg)
 <use ../inputs/hand_pale.jpg>
Package pdftex.def Info: ../inputs/hand_pale.jpg used on input line 31.
(pdftex.def)             Requested size: 113.09312pt x 85.10258pt.

<../rc_test/outputs/20170516_proportional_test/hand_dark_to_hand_pale.jpg, id=7
2, 1003.75pt x 717.68124pt>
File: ../rc_test/outputs/20170516_proportional_test/hand_dark_to_hand_pale.jpg 
Graphic file (type jpg)

<use ../rc_test/outputs/20170516_proportional_test/hand_dark_to_hand_pale.jpg>
Package pdftex.def Info: ../rc_test/outputs/20170516_proportional_test/hand_dar
k_to_hand_pale.jpg used on input line 34.
(pdftex.def)             Requested size: 113.09312pt x 80.86159pt.
File: ../inputs/hand_brown.jpg Graphic file (type jpg)

<use ../inputs/hand_brown.jpg>
Package pdftex.def Info: ../inputs/hand_brown.jpg used on input line 38.
(pdftex.def)             Requested size: 113.08627pt x 80.66615pt.
File: ../inputs/hand_dark.jpg Graphic file (type jpg)
 <use ../inputs/hand_dark.jpg>
Package pdftex.def Info: ../inputs/hand_dark.jpg used on input line 41.
(pdftex.def)             Requested size: 113.09312pt x 80.86159pt.
File: ../rc_test/outputs/20170516_proportional_test/hand_brown_to_hand_dark.jpg
 Graphic file (type jpg)

<use ../rc_test/outputs/20170516_proportional_test/hand_brown_to_hand_dark.jpg>
Package pdftex.def Info: ../rc_test/outputs/20170516_proportional_test/hand_bro
wn_to_hand_dark.jpg used on input line 44.
(pdftex.def)             Requested size: 113.08627pt x 80.66615pt.
File: ../inputs/hand_brown.jpg Graphic file (type jpg)
<use ../inputs/hand_brown.jpg>
Package pdftex.def Info: ../inputs/hand_brown.jpg used on input line 48.
(pdftex.def)             Requested size: 113.08627pt x 80.66615pt.
File: ../inputs/hand_light.jpg Graphic file (type jpg)
 <use ../inputs/hand_light.jpg>
Package pdftex.def Info: ../inputs/hand_light.jpg used on input line 51.
(pdftex.def)             Requested size: 113.09312pt x 96.58153pt.
File: ../rc_test/outputs/20170516_proportional_test/hand_brown_to_hand_light.jp
g Graphic file (type jpg)

<use ../rc_test/outputs/20170516_proportional_test/hand_brown_to_hand_light.jpg
>
Package pdftex.def Info: ../rc_test/outputs/20170516_proportional_test/hand_bro
wn_to_hand_light.jpg used on input line 54.
(pdftex.def)             Requested size: 113.08627pt x 80.66615pt.
File: ../inputs/hand_brown.jpg Graphic file (type jpg)
 <use ../inputs/hand_brown.jpg>
Package pdftex.def Info: ../inputs/hand_brown.jpg used on input line 58.
(pdftex.def)             Requested size: 113.08627pt x 80.66615pt.
File: ../inputs/hand_pale.jpg Graphic file (type jpg)
 <use ../inputs/hand_pale.jpg>
Package pdftex.def Info: ../inputs/hand_pale.jpg used on input line 61.
(pdftex.def)             Requested size: 113.09312pt x 85.10258pt.

<../rc_test/outputs/20170516_proportional_test/hand_brown_to_hand_pale.jpg, id=
73, 738.76pt x 526.96875pt>
File: ../rc_test/outputs/20170516_proportional_test/hand_brown_to_hand_pale.jpg
 Graphic file (type jpg)

<use ../rc_test/outputs/20170516_proportional_test/hand_brown_to_hand_pale.jpg>
Package pdftex.def Info: ../rc_test/outputs/20170516_proportional_test/hand_bro
wn_to_hand_pale.jpg used on input line 64.
(pdftex.def)             Requested size: 113.08627pt x 80.66615pt.
File: ../inputs/hand_light.jpg Graphic file (type jpg)
<use ../inputs/hand_light.jpg>
Package pdftex.def Info: ../inputs/hand_light.jpg used on input line 68.
(pdftex.def)             Requested size: 113.09312pt x 96.58153pt.
File: ../inputs/hand_dark.jpg Graphic file (type jpg)
 <use ../inputs/hand_dark.jpg>
Package pdftex.def Info: ../inputs/hand_dark.jpg used on input line 71.
(pdftex.def)             Requested size: 113.09312pt x 80.86159pt.

<../rc_test/outputs/20170516_proportional_test/hand_light_to_hand_dark.jpg, id=
74, 1003.75pt x 857.2025pt>
File: ../rc_test/outputs/20170516_proportional_test/hand_light_to_hand_dark.jpg
 Graphic file (type jpg)

<use ../rc_test/outputs/20170516_proportional_test/hand_light_to_hand_dark.jpg>
Package pdftex.def Info: ../rc_test/outputs/20170516_proportional_test/hand_lig
ht_to_hand_dark.jpg used on input line 74.
(pdftex.def)             Requested size: 113.09312pt x 96.58153pt.
File: ../inputs/hand_light.jpg Graphic file (type jpg)
<use ../inputs/hand_light.jpg>
Package pdftex.def Info: ../inputs/hand_light.jpg used on input line 78.
(pdftex.def)             Requested size: 113.09312pt x 96.58153pt.
File: ../inputs/hand_brown.jpg Graphic file (type jpg)
 <use ../inputs/hand_brown.jpg>
Package pdftex.def Info: ../inputs/hand_brown.jpg used on input line 81.
(pdftex.def)             Requested size: 113.08627pt x 80.66615pt.

<../rc_test/outputs/20170516_proportional_test/hand_light_to_hand_brown.jpg, id
=75, 1003.75pt x 857.2025pt>
File: ../rc_test/outputs/20170516_proportional_test/hand_light_to_hand_brown.jp
g Graphic file (type jpg)

<use ../rc_test/outputs/20170516_proportional_test/hand_light_to_hand_brown.jpg
>
Package pdftex.def Info: ../rc_test/outputs/20170516_proportional_test/hand_lig
ht_to_hand_brown.jpg used on input line 84.
(pdftex.def)             Requested size: 113.09312pt x 96.58153pt.
File: ../inputs/hand_light.jpg Graphic file (type jpg)
 <use ../inputs/hand_light.jpg>
Package pdftex.def Info: ../inputs/hand_light.jpg used on input line 88.
(pdftex.def)             Requested size: 113.09312pt x 96.58153pt.
File: ../inputs/hand_pale.jpg Graphic file (type jpg)
 <use ../inputs/hand_pale.jpg>
Package pdftex.def Info: ../inputs/hand_pale.jpg used on input line 91.
(pdftex.def)             Requested size: 113.09312pt x 85.10258pt.

<../rc_test/outputs/20170516_proportional_test/hand_light_to_hand_pale.jpg, id=
76, 1003.75pt x 857.2025pt>
File: ../rc_test/outputs/20170516_proportional_test/hand_light_to_hand_pale.jpg
 Graphic file (type jpg)

<use ../rc_test/outputs/20170516_proportional_test/hand_light_to_hand_pale.jpg>
Package pdftex.def Info: ../rc_test/outputs/20170516_proportional_test/hand_lig
ht_to_hand_pale.jpg used on input line 94.
(pdftex.def)             Requested size: 113.09312pt x 96.58153pt.
File: ../inputs/hand_pale.jpg Graphic file (type jpg)
<use ../inputs/hand_pale.jpg>
Package pdftex.def Info: ../inputs/hand_pale.jpg used on input line 98.
(pdftex.def)             Requested size: 113.09312pt x 85.10258pt.
File: ../inputs/hand_dark.jpg Graphic file (type jpg)
 <use ../inputs/hand_dark.jpg>
Package pdftex.def Info: ../inputs/hand_dark.jpg used on input line 101.
(pdftex.def)             Requested size: 113.09312pt x 80.86159pt.

<../rc_test/outputs/20170516_proportional_test/hand_pale_to_hand_dark.jpg, id=7
7, 803.0pt x 604.2575pt>
File: ../rc_test/outputs/20170516_proportional_test/hand_pale_to_hand_dark.jpg 
Graphic file (type jpg)

<use ../rc_test/outputs/20170516_proportional_test/hand_pale_to_hand_dark.jpg>
Package pdftex.def Info: ../rc_test/outputs/20170516_proportional_test/hand_pal
e_to_hand_dark.jpg used on input line 104.
(pdftex.def)             Requested size: 113.09312pt x 85.10258pt.
File: ../inputs/hand_pale.jpg Graphic file (type jpg)

<use ../inputs/hand_pale.jpg>
Package pdftex.def Info: ../inputs/hand_pale.jpg used on input line 108.
(pdftex.def)             Requested size: 113.09312pt x 85.10258pt.
File: ../inputs/hand_brown.jpg Graphic file (type jpg)
 <use ../inputs/hand_brown.jpg>
Package pdftex.def Info: ../inputs/hand_brown.jpg used on input line 111.
(pdftex.def)             Requested size: 113.08627pt x 80.66615pt.

<../rc_test/outputs/20170516_proportional_test/hand_pale_to_hand_brown.jpg, id=
78, 803.0pt x 604.2575pt>
File: ../rc_test/outputs/20170516_proportional_test/hand_pale_to_hand_brown.jpg
 Graphic file (type jpg)

<use ../rc_test/outputs/20170516_proportional_test/hand_pale_to_hand_brown.jpg>
Package pdftex.def Info: ../rc_test/outputs/20170516_proportional_test/hand_pal
e_to_hand_brown.jpg used on input line 114.
(pdftex.def)             Requested size: 113.09312pt x 85.10258pt.
File: ../inputs/hand_pale.jpg Graphic file (type jpg)
<use ../inputs/hand_pale.jpg>
Package pdftex.def Info: ../inputs/hand_pale.jpg used on input line 118.
(pdftex.def)             Requested size: 113.09312pt x 85.10258pt.
File: ../inputs/hand_light.jpg Graphic file (type jpg)
 <use ../inputs/hand_light.jpg>
Package pdftex.def Info: ../inputs/hand_light.jpg used on input line 121.
(pdftex.def)             Requested size: 113.09312pt x 96.58153pt.

<../rc_test/outputs/20170516_proportional_test/hand_pale_to_hand_light.jpg, id=
79, 803.0pt x 604.2575pt>
File: ../rc_test/outputs/20170516_proportional_test/hand_pale_to_hand_light.jpg
 Graphic file (type jpg)

<use ../rc_test/outputs/20170516_proportional_test/hand_pale_to_hand_light.jpg>
Package pdftex.def Info: ../rc_test/outputs/20170516_proportional_test/hand_pal
e_to_hand_light.jpg used on input line 124.
(pdftex.def)             Requested size: 113.09312pt x 85.10258pt.

Overfull \hbox (22.58078pt too wide) in alignment at lines 1--127
 [] [] [] [] 
 []

[13 <../rc_test/outputs/20170516_proportional_test/hand_dark_to_hand_brown.jpg>
 <../rc_test/outputs/20170516_proportional_test/hand_dark_to_hand_pale.jpg>]
[14 <../rc_test/outputs/20170516_proportional_test/hand_brown_to_hand_pale.jpg>
 <../rc_test/outputs/20170516_proportional_test/hand_light_to_hand_dark.jpg> <.
./rc_test/outputs/20170516_proportional_test/hand_light_to_hand_brown.jpg> <../
rc_test/outputs/20170516_proportional_test/hand_light_to_hand_pale.jpg> <../rc_
test/outputs/20170516_proportional_test/hand_pale_to_hand_dark.jpg> <../rc_test
/outputs/20170516_proportional_test/hand_pale_to_hand_brown.jpg>]) [15 <../rc_t
est/outputs/20170516_proportional_test/hand_pale_to_hand_light.jpg>]
(./latex_maker/prop_correct_test-summary.tex
File: ../inputs/hand_dark.jpg Graphic file (type jpg)
 <use ../inputs/hand_dark.jpg>
Package pdftex.def Info: ../inputs/hand_dark.jpg used on input line 8.
(pdftex.def)             Requested size: 113.09312pt x 80.86159pt.
File: ../inputs/hand_brown.jpg Graphic file (type jpg)

<use ../inputs/hand_brown.jpg>
Package pdftex.def Info: ../inputs/hand_brown.jpg used on input line 11.
(pdftex.def)             Requested size: 113.08627pt x 80.66615pt.

<../rc_test/outputs/20170516_proportional_corrected_test/hand_dark_to_hand_brow
n.jpg, id=90, 1003.75pt x 717.68124pt>
File: ../rc_test/outputs/20170516_proportional_corrected_test/hand_dark_to_hand
_brown.jpg Graphic file (type jpg)

<use ../rc_test/outputs/20170516_proportional_corrected_test/hand_dark_to_hand_
brown.jpg>
Package pdftex.def Info: ../rc_test/outputs/20170516_proportional_corrected_tes
t/hand_dark_to_hand_brown.jpg used on input line 14.
(pdftex.def)             Requested size: 113.09312pt x 80.86159pt.
File: ../inputs/hand_dark.jpg Graphic file (type jpg)
 <use ../inputs/hand_dark.jpg>
Package pdftex.def Info: ../inputs/hand_dark.jpg used on input line 18.
(pdftex.def)             Requested size: 113.09312pt x 80.86159pt.
File: ../inputs/hand_light.jpg Graphic file (type jpg)
 <use ../inputs/hand_light.jpg>
Package pdftex.def Info: ../inputs/hand_light.jpg used on input line 21.
(pdftex.def)             Requested size: 113.09312pt x 96.58153pt.

<../rc_test/outputs/20170516_proportional_corrected_test/hand_dark_to_hand_ligh
t.jpg, id=91, 1003.75pt x 717.68124pt>
File: ../rc_test/outputs/20170516_proportional_corrected_test/hand_dark_to_hand
_light.jpg Graphic file (type jpg)

<use ../rc_test/outputs/20170516_proportional_corrected_test/hand_dark_to_hand_
light.jpg>
Package pdftex.def Info: ../rc_test/outputs/20170516_proportional_corrected_tes
t/hand_dark_to_hand_light.jpg used on input line 24.
(pdftex.def)             Requested size: 113.09312pt x 80.86159pt.
File: ../inputs/hand_dark.jpg Graphic file (type jpg)
 <use ../inputs/hand_dark.jpg>
Package pdftex.def Info: ../inputs/hand_dark.jpg used on input line 28.
(pdftex.def)             Requested size: 113.09312pt x 80.86159pt.
File: ../inputs/hand_pale.jpg Graphic file (type jpg)
 <use ../inputs/hand_pale.jpg>
Package pdftex.def Info: ../inputs/hand_pale.jpg used on input line 31.
(pdftex.def)             Requested size: 113.09312pt x 85.10258pt.

<../rc_test/outputs/20170516_proportional_corrected_test/hand_dark_to_hand_pale
.jpg, id=92, 1003.75pt x 717.68124pt>
File: ../rc_test/outputs/20170516_proportional_corrected_test/hand_dark_to_hand
_pale.jpg Graphic file (type jpg)

<use ../rc_test/outputs/20170516_proportional_corrected_test/hand_dark_to_hand_
pale.jpg>
Package pdftex.def Info: ../rc_test/outputs/20170516_proportional_corrected_tes
t/hand_dark_to_hand_pale.jpg used on input line 34.
(pdftex.def)             Requested size: 113.09312pt x 80.86159pt.
File: ../inputs/hand_brown.jpg Graphic file (type jpg)
 <use ../inputs/hand_brown.jpg>
Package pdftex.def Info: ../inputs/hand_brown.jpg used on input line 38.
(pdftex.def)             Requested size: 113.08627pt x 80.66615pt.
File: ../inputs/hand_dark.jpg Graphic file (type jpg)
 <use ../inputs/hand_dark.jpg>
Package pdftex.def Info: ../inputs/hand_dark.jpg used on input line 41.
(pdftex.def)             Requested size: 113.09312pt x 80.86159pt.

<../rc_test/outputs/20170516_proportional_corrected_test/hand_brown_to_hand_dar
k.jpg, id=93, 738.76pt x 526.96875pt>
File: ../rc_test/outputs/20170516_proportional_corrected_test/hand_brown_to_han
d_dark.jpg Graphic file (type jpg)

<use ../rc_test/outputs/20170516_proportional_corrected_test/hand_brown_to_hand
_dark.jpg>
Package pdftex.def Info: ../rc_test/outputs/20170516_proportional_corrected_tes
t/hand_brown_to_hand_dark.jpg used on input line 44.
(pdftex.def)             Requested size: 113.08627pt x 80.66615pt.
File: ../inputs/hand_brown.jpg Graphic file (type jpg)
 <use ../inputs/hand_brown.jpg>
Package pdftex.def Info: ../inputs/hand_brown.jpg used on input line 48.
(pdftex.def)             Requested size: 113.08627pt x 80.66615pt.
File: ../inputs/hand_light.jpg Graphic file (type jpg)
 <use ../inputs/hand_light.jpg>
Package pdftex.def Info: ../inputs/hand_light.jpg used on input line 51.
(pdftex.def)             Requested size: 113.09312pt x 96.58153pt.

<../rc_test/outputs/20170516_proportional_corrected_test/hand_brown_to_hand_lig
ht.jpg, id=94, 738.76pt x 526.96875pt>
File: ../rc_test/outputs/20170516_proportional_corrected_test/hand_brown_to_han
d_light.jpg Graphic file (type jpg)

<use ../rc_test/outputs/20170516_proportional_corrected_test/hand_brown_to_hand
_light.jpg>
Package pdftex.def Info: ../rc_test/outputs/20170516_proportional_corrected_tes
t/hand_brown_to_hand_light.jpg used on input line 54.
(pdftex.def)             Requested size: 113.08627pt x 80.66615pt.
File: ../inputs/hand_brown.jpg Graphic file (type jpg)
 <use ../inputs/hand_brown.jpg>
Package pdftex.def Info: ../inputs/hand_brown.jpg used on input line 58.
(pdftex.def)             Requested size: 113.08627pt x 80.66615pt.
File: ../inputs/hand_pale.jpg Graphic file (type jpg)
 <use ../inputs/hand_pale.jpg>
Package pdftex.def Info: ../inputs/hand_pale.jpg used on input line 61.
(pdftex.def)             Requested size: 113.09312pt x 85.10258pt.

<../rc_test/outputs/20170516_proportional_corrected_test/hand_brown_to_hand_pal
e.jpg, id=95, 738.76pt x 526.96875pt>
File: ../rc_test/outputs/20170516_proportional_corrected_test/hand_brown_to_han
d_pale.jpg Graphic file (type jpg)

<use ../rc_test/outputs/20170516_proportional_corrected_test/hand_brown_to_hand
_pale.jpg>
Package pdftex.def Info: ../rc_test/outputs/20170516_proportional_corrected_tes
t/hand_brown_to_hand_pale.jpg used on input line 64.
(pdftex.def)             Requested size: 113.08627pt x 80.66615pt.
File: ../inputs/hand_light.jpg Graphic file (type jpg)
 <use ../inputs/hand_light.jpg>
Package pdftex.def Info: ../inputs/hand_light.jpg used on input line 68.
(pdftex.def)             Requested size: 113.09312pt x 96.58153pt.
File: ../inputs/hand_dark.jpg Graphic file (type jpg)
 <use ../inputs/hand_dark.jpg>
Package pdftex.def Info: ../inputs/hand_dark.jpg used on input line 71.
(pdftex.def)             Requested size: 113.09312pt x 80.86159pt.

<../rc_test/outputs/20170516_proportional_corrected_test/hand_light_to_hand_dar
k.jpg, id=96, 1003.75pt x 857.2025pt>
File: ../rc_test/outputs/20170516_proportional_corrected_test/hand_light_to_han
d_dark.jpg Graphic file (type jpg)

<use ../rc_test/outputs/20170516_proportional_corrected_test/hand_light_to_hand
_dark.jpg>
Package pdftex.def Info: ../rc_test/outputs/20170516_proportional_corrected_tes
t/hand_light_to_hand_dark.jpg used on input line 74.
(pdftex.def)             Requested size: 113.09312pt x 96.58153pt.
File: ../inputs/hand_light.jpg Graphic file (type jpg)
 <use ../inputs/hand_light.jpg>
Package pdftex.def Info: ../inputs/hand_light.jpg used on input line 78.
(pdftex.def)             Requested size: 113.09312pt x 96.58153pt.
File: ../inputs/hand_brown.jpg Graphic file (type jpg)
 <use ../inputs/hand_brown.jpg>
Package pdftex.def Info: ../inputs/hand_brown.jpg used on input line 81.
(pdftex.def)             Requested size: 113.08627pt x 80.66615pt.

<../rc_test/outputs/20170516_proportional_corrected_test/hand_light_to_hand_bro
wn.jpg, id=97, 1003.75pt x 857.2025pt>
File: ../rc_test/outputs/20170516_proportional_corrected_test/hand_light_to_han
d_brown.jpg Graphic file (type jpg)

<use ../rc_test/outputs/20170516_proportional_corrected_test/hand_light_to_hand
_brown.jpg>
Package pdftex.def Info: ../rc_test/outputs/20170516_proportional_corrected_tes
t/hand_light_to_hand_brown.jpg used on input line 84.
(pdftex.def)             Requested size: 113.09312pt x 96.58153pt.
File: ../inputs/hand_light.jpg Graphic file (type jpg)
 <use ../inputs/hand_light.jpg>
Package pdftex.def Info: ../inputs/hand_light.jpg used on input line 88.
(pdftex.def)             Requested size: 113.09312pt x 96.58153pt.
File: ../inputs/hand_pale.jpg Graphic file (type jpg)
 <use ../inputs/hand_pale.jpg>
Package pdftex.def Info: ../inputs/hand_pale.jpg used on input line 91.
(pdftex.def)             Requested size: 113.09312pt x 85.10258pt.

<../rc_test/outputs/20170516_proportional_corrected_test/hand_light_to_hand_pal
e.jpg, id=98, 1003.75pt x 857.2025pt>
File: ../rc_test/outputs/20170516_proportional_corrected_test/hand_light_to_han
d_pale.jpg Graphic file (type jpg)

<use ../rc_test/outputs/20170516_proportional_corrected_test/hand_light_to_hand
_pale.jpg>
Package pdftex.def Info: ../rc_test/outputs/20170516_proportional_corrected_tes
t/hand_light_to_hand_pale.jpg used on input line 94.
(pdftex.def)             Requested size: 113.09312pt x 96.58153pt.
File: ../inputs/hand_pale.jpg Graphic file (type jpg)
 <use ../inputs/hand_pale.jpg>
Package pdftex.def Info: ../inputs/hand_pale.jpg used on input line 98.
(pdftex.def)             Requested size: 113.09312pt x 85.10258pt.
File: ../inputs/hand_dark.jpg Graphic file (type jpg)
 <use ../inputs/hand_dark.jpg>
Package pdftex.def Info: ../inputs/hand_dark.jpg used on input line 101.
(pdftex.def)             Requested size: 113.09312pt x 80.86159pt.

<../rc_test/outputs/20170516_proportional_corrected_test/hand_pale_to_hand_dark
.jpg, id=99, 803.0pt x 604.2575pt>
File: ../rc_test/outputs/20170516_proportional_corrected_test/hand_pale_to_hand
_dark.jpg Graphic file (type jpg)

<use ../rc_test/outputs/20170516_proportional_corrected_test/hand_pale_to_hand_
dark.jpg>
Package pdftex.def Info: ../rc_test/outputs/20170516_proportional_corrected_tes
t/hand_pale_to_hand_dark.jpg used on input line 104.
(pdftex.def)             Requested size: 113.09312pt x 85.10258pt.
File: ../inputs/hand_pale.jpg Graphic file (type jpg)
 <use ../inputs/hand_pale.jpg>
Package pdftex.def Info: ../inputs/hand_pale.jpg used on input line 108.
(pdftex.def)             Requested size: 113.09312pt x 85.10258pt.
File: ../inputs/hand_brown.jpg Graphic file (type jpg)
 <use ../inputs/hand_brown.jpg>
Package pdftex.def Info: ../inputs/hand_brown.jpg used on input line 111.
(pdftex.def)             Requested size: 113.08627pt x 80.66615pt.

<../rc_test/outputs/20170516_proportional_corrected_test/hand_pale_to_hand_brow
n.jpg, id=100, 803.0pt x 604.2575pt>
File: ../rc_test/outputs/20170516_proportional_corrected_test/hand_pale_to_hand
_brown.jpg Graphic file (type jpg)

<use ../rc_test/outputs/20170516_proportional_corrected_test/hand_pale_to_hand_
brown.jpg>
Package pdftex.def Info: ../rc_test/outputs/20170516_proportional_corrected_tes
t/hand_pale_to_hand_brown.jpg used on input line 114.
(pdftex.def)             Requested size: 113.09312pt x 85.10258pt.
File: ../inputs/hand_pale.jpg Graphic file (type jpg)
 <use ../inputs/hand_pale.jpg>
Package pdftex.def Info: ../inputs/hand_pale.jpg used on input line 118.
(pdftex.def)             Requested size: 113.09312pt x 85.10258pt.
File: ../inputs/hand_light.jpg Graphic file (type jpg)
 <use ../inputs/hand_light.jpg>
Package pdftex.def Info: ../inputs/hand_light.jpg used on input line 121.
(pdftex.def)             Requested size: 113.09312pt x 96.58153pt.

<../rc_test/outputs/20170516_proportional_corrected_test/hand_pale_to_hand_ligh
t.jpg, id=101, 803.0pt x 604.2575pt>
File: ../rc_test/outputs/20170516_proportional_corrected_test/hand_pale_to_hand
_light.jpg Graphic file (type jpg)

<use ../rc_test/outputs/20170516_proportional_corrected_test/hand_pale_to_hand_
light.jpg>
Package pdftex.def Info: ../rc_test/outputs/20170516_proportional_corrected_tes
t/hand_pale_to_hand_light.jpg used on input line 124.
(pdftex.def)             Requested size: 113.09312pt x 85.10258pt.

Overfull \hbox (22.58078pt too wide) in alignment at lines 1--127
 [] [] [] [] 
 []

[16 <../rc_test/outputs/20170516_proportional_corrected_test/hand_dark_to_hand_
brown.jpg> <../rc_test/outputs/20170516_proportional_corrected_test/hand_dark_t
o_hand_light.jpg> <../rc_test/outputs/20170516_proportional_corrected_test/hand
_dark_to_hand_pale.jpg> <../rc_test/outputs/20170516_proportional_corrected_tes
t/hand_brown_to_hand_dark.jpg> <../rc_test/outputs/20170516_proportional_correc
ted_test/hand_brown_to_hand_light.jpg>] [17 <../rc_test/outputs/20170516_propor
tional_corrected_test/hand_brown_to_hand_pale.jpg> <../rc_test/outputs/20170516
_proportional_corrected_test/hand_light_to_hand_dark.jpg> <../rc_test/outputs/2
0170516_proportional_corrected_test/hand_light_to_hand_brown.jpg> <../rc_test/o
utputs/20170516_proportional_corrected_test/hand_light_to_hand_pale.jpg> <../rc
_test/outputs/20170516_proportional_corrected_test/hand_pale_to_hand_dark.jpg> 
<../rc_test/outputs/20170516_proportional_corrected_test/hand_pale_to_hand_brow
n.jpg>]) [18 <../rc_test/outputs/20170516_proportional_corrected_test/hand_pale
_to_hand_light.jpg>] (./dark_spot_remove_rpt.aux) ) 
Here is how much of TeX's memory you used:
 4554 strings out of 494447
 79996 string characters out of 6166766
 147642 words of memory out of 5000000
 7805 multiletter control sequences out of 15000+600000
 8868 words of font info for 32 fonts, out of 8000000 for 9000
 319 hyphenation exceptions out of 8191
 42i,13n,46p,949b,452s stack positions out of 5000i,500n,10000p,200000b,80000s
</usr/local/texlive/2016basi
c/texmf-dist/fonts/type1/public/amsfonts/cm/cmbx12.pfb></usr/local/texlive/2016
basic/texmf-dist/fonts/type1/public/amsfonts/cm/cmex10.pfb></usr/local/texlive/
2016basic/texmf-dist/fonts/type1/public/amsfonts/cm/cmmi12.pfb></usr/local/texl
ive/2016basic/texmf-dist/fonts/type1/public/amsfonts/cm/cmmi8.pfb></usr/local/t
exlive/2016basic/texmf-dist/fonts/type1/public/amsfonts/cm/cmr10.pfb></usr/loca
l/texlive/2016basic/texmf-dist/fonts/type1/public/amsfonts/cm/cmr12.pfb></usr/l
ocal/texlive/2016basic/texmf-dist/fonts/type1/public/amsfonts/cm/cmsy10.pfb></u
sr/local/texlive/2016basic/texmf-dist/fonts/type1/public/amsfonts/cm/cmsy8.pfb>

Output written on dark_spot_remove_rpt.pdf (18 pages, 3324611 bytes).
PDF statistics:
 138 PDF objects out of 1000 (max. 8388607)
 65 compressed objects within 1 object stream
 0 named destinations out of 1000 (max. 500000)
 221 words of extra memory for PDF output out of 10000 (max. 10000000)

