\BOOKMARK [1][-]{section*.4}{List of Figures}{}% 1
\BOOKMARK [1][-]{section*.5}{List of Tables}{}% 2
\BOOKMARK [1][-]{section*.6}{List of Symbols}{}% 3
\BOOKMARK [1][-]{section.1}{Introduction: the need for an effective mobile compatible skin recolouration algorithm}{}% 4
\BOOKMARK [1][-]{section.2}{Background: existing methods of skin colour transfer}{}% 5
\BOOKMARK [2][-]{subsection.2.1}{Changing and matching skin colour in Photoshop}{section.2}% 6
\BOOKMARK [2][-]{subsection.2.2}{Academic work related to colour transfer and skin colour enhancement }{section.2}% 7
\BOOKMARK [3][-]{subsubsection.2.2.1}{Colour transfer by example image for general images}{subsection.2.2}% 8
\BOOKMARK [3][-]{subsubsection.2.2.2}{Colour transfer by example for images with human skin}{subsection.2.2}% 9
\BOOKMARK [3][-]{subsubsection.2.2.3}{Skin colour transfer as part of other applications}{subsection.2.2}% 10
\BOOKMARK [3][-]{subsubsection.2.2.4}{Skin colour enhancement mobile applications}{subsection.2.2}% 11
\BOOKMARK [2][-]{subsection.2.3}{Summary of differences between prior studies and this project}{section.2}% 12
\BOOKMARK [1][-]{section.3}{The constraints and requirements for our skin colour transfer algorithm }{}% 13
\BOOKMARK [1][-]{section.4}{Hand Recolouration Algorithms}{}% 14
\BOOKMARK [2][-]{subsection.4.1}{Naive approach: simple RGB colour addition}{section.4}% 15
\BOOKMARK [2][-]{subsection.4.2}{Proportional adjustment relative to average colour}{section.4}% 16
\BOOKMARK [2][-]{subsection.4.3}{Correcting for dark spots}{section.4}% 17
\BOOKMARK [2][-]{subsection.4.4}{Ignoring shadows in calculating average colour}{section.4}% 18
\BOOKMARK [2][-]{subsection.4.5}{Summary and evaluation of the complete algorithm}{section.4}% 19
\BOOKMARK [1][-]{section.5}{Conclusion and Future Work}{}% 20
\BOOKMARK [1][-]{section*.24}{References}{}% 21
\BOOKMARK [1][-]{appendix.A}{Results for proportional adjustment with darkspot correction, = 1.5}{}% 22
\BOOKMARK [1][-]{appendix.B}{Results for proportional adjustment with darkspot correction, = 5}{}% 23
\BOOKMARK [1][-]{appendix.C}{Complete results for proportional adjustment with darkspot correction, = 1.1, calculating target average color with 5th percentile bright pixels}{}% 24
\BOOKMARK [1][-]{appendix.D}{Complete results for proportional adjustment with darkspot correction, = 1.1, calculating target average color with 25th percentile bright pixels}{}% 25
