\BOOKMARK [1][-]{section*.2}{List of Figures}{}% 1
\BOOKMARK [1][-]{section*.3}{List of Tables}{}% 2
\BOOKMARK [1][-]{section.1}{Introduction}{}% 3
\BOOKMARK [1][-]{section.2}{Background and Literature Review}{}% 4
\BOOKMARK [2][-]{subsection.2.1}{Survey of methods for changing and matching skin colour in Photoshop}{section.2}% 5
\BOOKMARK [1][-]{section.3}{Progress to Date}{}% 6
\BOOKMARK [2][-]{subsection.3.1}{Simple brightness addition / subtraction}{section.3}% 7
\BOOKMARK [2][-]{subsection.3.2}{Proportional adjustment relative to average color}{section.3}% 8
\BOOKMARK [2][-]{subsection.3.3}{Proportional adjustment with dark spot correction}{section.3}% 9
\BOOKMARK [1][-]{section.4}{Future Work}{}% 10
\BOOKMARK [1][-]{section*.18}{References}{}% 11
\BOOKMARK [1][-]{appendix.A}{Photoshop techniques for changing skintone from select online video tutorials}{}% 12
\BOOKMARK [2][-]{subsection.A.1}{Changing skin colour from dark to light photoshop:obama}{appendix.A}% 13
\BOOKMARK [2][-]{subsection.A.2}{Matching the skintones of face and body photoshop:matchbody}{appendix.A}% 14
\BOOKMARK [2][-]{subsection.A.3}{Matching the skintones of portraits of different people photoshop:matchother }{appendix.A}% 15
\BOOKMARK [1][-]{appendix.B}{Complete results for simple brightening}{}% 16
\BOOKMARK [1][-]{appendix.C}{Complete results for proportional brightness adjustment}{}% 17
\BOOKMARK [1][-]{appendix.D}{Complete results for proportional adjustment with darkspot correction, = 1.1}{}% 18
\BOOKMARK [1][-]{appendix.E}{Complete results for proportional adjustment with darkspot correction, = 1.1, calculating target average color with 5th percentile bright pixels}{}% 19
\BOOKMARK [1][-]{appendix.F}{Complete results for proportional adjustment with darkspot correction, = 1.1, calculating target average color with 10th percentile bright pixels}{}% 20
\BOOKMARK [1][-]{appendix.G}{Complete results for proportional adjustment with darkspot correction, = 1.1, calculating target average color with 25th percentile bright pixels}{}% 21
\BOOKMARK [1][-]{appendix.H}{Complete results for proportional adjustment with darkspot correction, = 1.1, calculating target average color with 100th percentile bright pixels}{}% 22
