This is pdfTeX, Version 3.14159265-2.6-1.40.17 (TeX Live 2016) (preloaded format=pdflatex 2017.5.13)  27 JUN 2017 09:55
entering extended mode
 restricted \write18 enabled.
 %&-line parsing enabled.
**interim_report
(./interim_report.tex
LaTeX2e <2016/03/31>
Babel <3.9r> and hyphenation patterns for 22 language(s) loaded.
(/usr/local/texlive/2016basic/texmf-dist/tex/latex/base/article.cls
Document Class: article 2014/09/29 v1.4h Standard LaTeX document class
(/usr/local/texlive/2016basic/texmf-dist/tex/latex/base/size12.clo
File: size12.clo 2014/09/29 v1.4h Standard LaTeX file (size option)
)
\c@part=\count79
\c@section=\count80
\c@subsection=\count81
\c@subsubsection=\count82
\c@paragraph=\count83
\c@subparagraph=\count84
\c@figure=\count85
\c@table=\count86
\abovecaptionskip=\skip41
\belowcaptionskip=\skip42
\bibindent=\dimen102
)
(/usr/local/texlive/2016basic/texmf-dist/tex/latex/geometry/geometry.sty
Package: geometry 2010/09/12 v5.6 Page Geometry

(/usr/local/texlive/2016basic/texmf-dist/tex/latex/graphics/keyval.sty
Package: keyval 2014/10/28 v1.15 key=value parser (DPC)
\KV@toks@=\toks14
)
(/usr/local/texlive/2016basic/texmf-dist/tex/generic/oberdiek/ifpdf.sty
Package: ifpdf 2016/05/14 v3.1 Provides the ifpdf switch
)
(/usr/local/texlive/2016basic/texmf-dist/tex/generic/oberdiek/ifvtex.sty
Package: ifvtex 2016/05/16 v1.6 Detect VTeX and its facilities (HO)
Package ifvtex Info: VTeX not detected.
)
(/usr/local/texlive/2016basic/texmf-dist/tex/generic/ifxetex/ifxetex.sty
Package: ifxetex 2010/09/12 v0.6 Provides ifxetex conditional
)
\Gm@cnth=\count87
\Gm@cntv=\count88
\c@Gm@tempcnt=\count89
\Gm@bindingoffset=\dimen103
\Gm@wd@mp=\dimen104
\Gm@odd@mp=\dimen105
\Gm@even@mp=\dimen106
\Gm@layoutwidth=\dimen107
\Gm@layoutheight=\dimen108
\Gm@layouthoffset=\dimen109
\Gm@layoutvoffset=\dimen110
\Gm@dimlist=\toks15
)
(/usr/local/texlive/2016basic/texmf-dist/tex/latex/cite/cite.sty
LaTeX Info: Redefining \cite on input line 302.
LaTeX Info: Redefining \nocite on input line 332.
Package: cite 2015/02/27  v 5.5
)
(/usr/local/texlive/2016basic/texmf-dist/tex/latex/tools/array.sty
Package: array 2014/10/28 v2.4c Tabular extension package (FMi)
\col@sep=\dimen111
\extrarowheight=\dimen112
\NC@list=\toks16
\extratabsurround=\skip43
\backup@length=\skip44
)
(/usr/local/texlive/2016basic/texmf-dist/tex/latex/graphics/graphicx.sty
Package: graphicx 2014/10/28 v1.0g Enhanced LaTeX Graphics (DPC,SPQR)

(/usr/local/texlive/2016basic/texmf-dist/tex/latex/graphics/graphics.sty
Package: graphics 2016/05/09 v1.0r Standard LaTeX Graphics (DPC,SPQR)

(/usr/local/texlive/2016basic/texmf-dist/tex/latex/graphics/trig.sty
Package: trig 2016/01/03 v1.10 sin cos tan (DPC)
)
(/usr/local/texlive/2016basic/texmf-dist/tex/latex/graphics-cfg/graphics.cfg
File: graphics.cfg 2016/01/02 v1.10 sample graphics configuration
)
Package graphics Info: Driver file: pdftex.def on input line 96.

(/usr/local/texlive/2016basic/texmf-dist/tex/latex/pdftex-def/pdftex.def
File: pdftex.def 2011/05/27 v0.06d Graphics/color for pdfTeX

(/usr/local/texlive/2016basic/texmf-dist/tex/generic/oberdiek/infwarerr.sty
Package: infwarerr 2016/05/16 v1.4 Providing info/warning/error messages (HO)
)
(/usr/local/texlive/2016basic/texmf-dist/tex/generic/oberdiek/ltxcmds.sty
Package: ltxcmds 2016/05/16 v1.23 LaTeX kernel commands for general use (HO)
)
\Gread@gobject=\count90
))
\Gin@req@height=\dimen113
\Gin@req@width=\dimen114
)
(/usr/local/texlive/2016basic/texmf-dist/tex/latex/tools/longtable.sty
Package: longtable 2014/10/28 v4.11 Multi-page Table package (DPC)
\LTleft=\skip45
\LTright=\skip46
\LTpre=\skip47
\LTpost=\skip48
\LTchunksize=\count91
\LTcapwidth=\dimen115
\LT@head=\box26
\LT@firsthead=\box27
\LT@foot=\box28
\LT@lastfoot=\box29
\LT@cols=\count92
\LT@rows=\count93
\c@LT@tables=\count94
\c@LT@chunks=\count95
\LT@p@ftn=\toks17
)
(/usr/local/texlive/2016basic/texmf-dist/tex/latex/etoolbox/etoolbox.sty
Package: etoolbox 2015/08/02 v2.2a e-TeX tools for LaTeX (JAW)
\etb@tempcnta=\count96
)
(/usr/local/texlive/2016basic/texmf-dist/tex/latex/caption/subcaption.sty
Package: subcaption 2016/02/20 v1.1-142 Sub-captions (AR)

(/usr/local/texlive/2016basic/texmf-dist/tex/latex/caption/caption.sty
Package: caption 2016/02/21 v3.3-144 Customizing captions (AR)

(/usr/local/texlive/2016basic/texmf-dist/tex/latex/caption/caption3.sty
Package: caption3 2016/02/04 v1.7-139 caption3 kernel (AR)
Package caption3 Info: TeX engine: e-TeX on input line 67.
\captionmargin=\dimen116
\captionmargin@=\dimen117
\captionwidth=\dimen118
\caption@tempdima=\dimen119
\caption@indent=\dimen120
\caption@parindent=\dimen121
\caption@hangindent=\dimen122
)
\c@ContinuedFloat=\count97
Package caption Info: longtable package is loaded.

(/usr/local/texlive/2016basic/texmf-dist/tex/latex/caption/ltcaption.sty
Package: ltcaption 2013/06/09 v1.4-94 longtable captions (AR)
))
\c@subfigure=\count98
\c@subtable=\count99
)
(/usr/local/texlive/2016basic/texmf-dist/tex/latex/float/float.sty
Package: float 2001/11/08 v1.3d Float enhancements (AL)
\c@float@type=\count100
\float@exts=\toks18
\float@box=\box30
\@float@everytoks=\toks19
\@floatcapt=\box31
)
(/usr/local/texlive/2016basic/texmf-dist/tex/latex/amsmath/amsmath.sty
Package: amsmath 2016/03/10 v2.15b AMS math features
\@mathmargin=\skip49

For additional information on amsmath, use the `?' option.
(/usr/local/texlive/2016basic/texmf-dist/tex/latex/amsmath/amstext.sty
Package: amstext 2000/06/29 v2.01 AMS text

(/usr/local/texlive/2016basic/texmf-dist/tex/latex/amsmath/amsgen.sty
File: amsgen.sty 1999/11/30 v2.0 generic functions
\@emptytoks=\toks20
\ex@=\dimen123
))
(/usr/local/texlive/2016basic/texmf-dist/tex/latex/amsmath/amsbsy.sty
Package: amsbsy 1999/11/29 v1.2d Bold Symbols
\pmbraise@=\dimen124
)
(/usr/local/texlive/2016basic/texmf-dist/tex/latex/amsmath/amsopn.sty
Package: amsopn 2016/03/08 v2.02 operator names
)
\inf@bad=\count101
LaTeX Info: Redefining \frac on input line 199.
\uproot@=\count102
\leftroot@=\count103
LaTeX Info: Redefining \overline on input line 297.
\classnum@=\count104
\DOTSCASE@=\count105
LaTeX Info: Redefining \ldots on input line 394.
LaTeX Info: Redefining \dots on input line 397.
LaTeX Info: Redefining \cdots on input line 518.
\Mathstrutbox@=\box32
\strutbox@=\box33
\big@size=\dimen125
LaTeX Font Info:    Redeclaring font encoding OML on input line 634.
LaTeX Font Info:    Redeclaring font encoding OMS on input line 635.
\macc@depth=\count106
\c@MaxMatrixCols=\count107
\dotsspace@=\muskip10
\c@parentequation=\count108
\dspbrk@lvl=\count109
\tag@help=\toks21
\row@=\count110
\column@=\count111
\maxfields@=\count112
\andhelp@=\toks22
\eqnshift@=\dimen126
\alignsep@=\dimen127
\tagshift@=\dimen128
\tagwidth@=\dimen129
\totwidth@=\dimen130
\lineht@=\dimen131
\@envbody=\toks23
\multlinegap=\skip50
\multlinetaggap=\skip51
\mathdisplay@stack=\toks24
LaTeX Info: Redefining \[ on input line 2739.
LaTeX Info: Redefining \] on input line 2740.
)
(/usr/local/texlive/2016basic/texmf-dist/tex/latex/mathtools/mathtools.sty
Package: mathtools 2015/11/12 v1.18 mathematical typesetting tools

(/usr/local/texlive/2016basic/texmf-dist/tex/latex/tools/calc.sty
Package: calc 2014/10/28 v4.3 Infix arithmetic (KKT,FJ)
\calc@Acount=\count113
\calc@Bcount=\count114
\calc@Adimen=\dimen132
\calc@Bdimen=\dimen133
\calc@Askip=\skip52
\calc@Bskip=\skip53
LaTeX Info: Redefining \setlength on input line 80.
LaTeX Info: Redefining \addtolength on input line 81.
\calc@Ccount=\count115
\calc@Cskip=\skip54
)
(/usr/local/texlive/2016basic/texmf-dist/tex/latex/mathtools/mhsetup.sty
Package: mhsetup 2010/01/21 v1.2a programming setup (MH)
)
LaTeX Info: Thecontrolsequence`\('isalreadyrobust on input line 129.
LaTeX Info: Thecontrolsequence`\)'isalreadyrobust on input line 129.
LaTeX Info: Thecontrolsequence`\['isalreadyrobust on input line 129.
LaTeX Info: Thecontrolsequence`\]'isalreadyrobust on input line 129.
\g_MT_multlinerow_int=\count116
\l_MT_multwidth_dim=\dimen134
\origjot=\skip55
\l_MT_shortvdotswithinadjustabove_dim=\dimen135
\l_MT_shortvdotswithinadjustbelow_dim=\dimen136
\l_MT_above_intertext_sep=\dimen137
\l_MT_below_intertext_sep=\dimen138
\l_MT_above_shortintertext_sep=\dimen139
\l_MT_below_shortintertext_sep=\dimen140
)
(/usr/local/texlive/2016basic/texmf-dist/tex/latex/tocbibind/tocbibind.sty
Package: tocbibind 2010/10/13 v1.5k extra ToC listings
Package tocbibind Info: The document has section divisions on input line 50.


Package tocbibind Note: Using section or other style headings.

) (/usr/local/texlive/2016basic/texmf-dist/tex/latex/nomencl/nomencl.sty
Package: nomencl 2005/09/22 v4.2 Nomenclature package (LN)
\nomlabelwidth=\dimen141
\nom@tempdim=\dimen142
\nomitemsep=\skip56
)
(/usr/local/texlive/2016basic/texmf-dist/tex/latex/hyperref/hyperref.sty
Package: hyperref 2016/05/05 v6.83n Hypertext links for LaTeX

(/usr/local/texlive/2016basic/texmf-dist/tex/generic/oberdiek/hobsub-hyperref.s
ty
Package: hobsub-hyperref 2016/05/16 v1.14 Bundle oberdiek, subset hyperref (HO)


(/usr/local/texlive/2016basic/texmf-dist/tex/generic/oberdiek/hobsub-generic.st
y
Package: hobsub-generic 2016/05/16 v1.14 Bundle oberdiek, subset generic (HO)
Package: hobsub 2016/05/16 v1.14 Construct package bundles (HO)
Package hobsub Info: Skipping package `infwarerr' (already loaded).
Package hobsub Info: Skipping package `ltxcmds' (already loaded).
Package: ifluatex 2016/05/16 v1.4 Provides the ifluatex switch (HO)
Package ifluatex Info: LuaTeX not detected.
Package hobsub Info: Skipping package `ifvtex' (already loaded).
Package: intcalc 2016/05/16 v1.2 Expandable calculations with integers (HO)
Package hobsub Info: Skipping package `ifpdf' (already loaded).
Package: etexcmds 2016/05/16 v1.6 Avoid name clashes with e-TeX commands (HO)
Package etexcmds Info: Could not find \expanded.
(etexcmds)             That can mean that you are not using pdfTeX 1.50 or
(etexcmds)             that some package has redefined \expanded.
(etexcmds)             In the latter case, load this package earlier.
Package: kvsetkeys 2016/05/16 v1.17 Key value parser (HO)
Package: kvdefinekeys 2016/05/16 v1.4 Define keys (HO)
Package: pdftexcmds 2016/05/10 v0.21 Utility functions of pdfTeX for LuaTeX (HO
)
Package pdftexcmds Info: LuaTeX not detected.
Package pdftexcmds Info: \pdf@primitive is available.
Package pdftexcmds Info: \pdf@ifprimitive is available.
Package pdftexcmds Info: \pdfdraftmode found.
Package: pdfescape 2016/05/16 v1.14 Implements pdfTeX's escape features (HO)
Package: bigintcalc 2016/05/16 v1.4 Expandable calculations on big integers (HO
)
Package: bitset 2016/05/16 v1.2 Handle bit-vector datatype (HO)
Package: uniquecounter 2016/05/16 v1.3 Provide unlimited unique counter (HO)
)
Package hobsub Info: Skipping package `hobsub' (already loaded).
Package: letltxmacro 2016/05/16 v1.5 Let assignment for LaTeX macros (HO)
Package: hopatch 2016/05/16 v1.3 Wrapper for package hooks (HO)
Package: xcolor-patch 2016/05/16 xcolor patch
Package: atveryend 2016/05/16 v1.9 Hooks at the very end of document (HO)
Package: atbegshi 2016/05/16 v1.17 At begin shipout hook (HO)
Package: refcount 2016/05/16 v3.5 Data extraction from label references (HO)
Package: hycolor 2016/05/16 v1.8 Color options for hyperref/bookmark (HO)
) (/usr/local/texlive/2016basic/texmf-dist/tex/latex/oberdiek/auxhook.sty
Package: auxhook 2016/05/16 v1.4 Hooks for auxiliary files (HO)
)
(/usr/local/texlive/2016basic/texmf-dist/tex/latex/oberdiek/kvoptions.sty
Package: kvoptions 2016/05/16 v3.12 Key value format for package options (HO)
)
\@linkdim=\dimen143
\Hy@linkcounter=\count117
\Hy@pagecounter=\count118

(/usr/local/texlive/2016basic/texmf-dist/tex/latex/hyperref/pd1enc.def
File: pd1enc.def 2016/05/05 v6.83n Hyperref: PDFDocEncoding definition (HO)
)
\Hy@SavedSpaceFactor=\count119

(/usr/local/texlive/2016basic/texmf-dist/tex/latex/latexconfig/hyperref.cfg
File: hyperref.cfg 2002/06/06 v1.2 hyperref configuration of TeXLive
)
Package hyperref Info: Hyper figures OFF on input line 4446.
Package hyperref Info: Link nesting OFF on input line 4451.
Package hyperref Info: Hyper index ON on input line 4454.
Package hyperref Info: Plain pages OFF on input line 4461.
Package hyperref Info: Backreferencing OFF on input line 4466.
Package hyperref Info: Implicit mode ON; LaTeX internals redefined.
Package hyperref Info: Bookmarks ON on input line 4691.
\c@Hy@tempcnt=\count120

(/usr/local/texlive/2016basic/texmf-dist/tex/latex/url/url.sty
\Urlmuskip=\muskip11
Package: url 2013/09/16  ver 3.4  Verb mode for urls, etc.
)
LaTeX Info: Redefining \url on input line 5044.
\XeTeXLinkMargin=\dimen144
\Fld@menulength=\count121
\Field@Width=\dimen145
\Fld@charsize=\dimen146
Package hyperref Info: Hyper figures OFF on input line 6298.
Package hyperref Info: Link nesting OFF on input line 6303.
Package hyperref Info: Hyper index ON on input line 6306.
Package hyperref Info: backreferencing OFF on input line 6313.
Package hyperref Info: Link coloring OFF on input line 6318.
Package hyperref Info: Link coloring with OCG OFF on input line 6323.
Package hyperref Info: PDF/A mode OFF on input line 6328.
LaTeX Info: Redefining \ref on input line 6368.
LaTeX Info: Redefining \pageref on input line 6372.
\Hy@abspage=\count122
\c@Item=\count123
\c@Hfootnote=\count124
)

Package hyperref Message: Driver (autodetected): hpdftex.

(/usr/local/texlive/2016basic/texmf-dist/tex/latex/hyperref/hpdftex.def
File: hpdftex.def 2016/05/05 v6.83n Hyperref driver for pdfTeX
\Fld@listcount=\count125
\c@bookmark@seq@number=\count126

(/usr/local/texlive/2016basic/texmf-dist/tex/latex/oberdiek/rerunfilecheck.sty
Package: rerunfilecheck 2016/05/16 v1.8 Rerun checks for auxiliary files (HO)
Package uniquecounter Info: New unique counter `rerunfilecheck' on input line 2
82.
)
\Hy@SectionHShift=\skip57
)
Package hyperref Info: Option `colorlinks' set `true' on input line 23.
\c@rowcntr=\count127
\@nomenclaturefile=\write3
\openout3 = `interim_report.nlo'.


Writing nomenclature file interim_report.nlo
(./interim_report.aux

LaTeX Warning: Label `row:PY_NAME_hand_brown_to_hand_light' multiply defined.


LaTeX Warning: Label `eq:prop_corr_algo' multiply defined.


LaTeX Warning: Label `row:PY_NAME_hand_dark_to_hand_brown' multiply defined.


LaTeX Warning: Label `row:PY_NAME_hand_dark_to_hand_light' multiply defined.


LaTeX Warning: Label `row:PY_NAME_hand_dark_to_hand_pale' multiply defined.


LaTeX Warning: Label `row:PY_NAME_hand_brown_to_hand_dark' multiply defined.


LaTeX Warning: Label `row:PY_NAME_hand_brown_to_hand_light' multiply defined.


LaTeX Warning: Label `row:PY_NAME_hand_brown_to_hand_pale' multiply defined.


LaTeX Warning: Label `row:PY_NAME_hand_light_to_hand_dark' multiply defined.


LaTeX Warning: Label `row:PY_NAME_hand_light_to_hand_brown' multiply defined.


LaTeX Warning: Label `row:PY_NAME_hand_light_to_hand_pale' multiply defined.


LaTeX Warning: Label `row:PY_NAME_hand_pale_to_hand_dark' multiply defined.


LaTeX Warning: Label `row:PY_NAME_hand_pale_to_hand_brown' multiply defined.


LaTeX Warning: Label `row:PY_NAME_hand_pale_to_hand_light' multiply defined.


LaTeX Warning: Label `img:compare_dark_spot' multiply defined.

)
\openout1 = `interim_report.aux'.

LaTeX Font Info:    Checking defaults for OML/cmm/m/it on input line 42.
LaTeX Font Info:    ... okay on input line 42.
LaTeX Font Info:    Checking defaults for T1/cmr/m/n on input line 42.
LaTeX Font Info:    ... okay on input line 42.
LaTeX Font Info:    Checking defaults for OT1/cmr/m/n on input line 42.
LaTeX Font Info:    ... okay on input line 42.
LaTeX Font Info:    Checking defaults for OMS/cmsy/m/n on input line 42.
LaTeX Font Info:    ... okay on input line 42.
LaTeX Font Info:    Checking defaults for OMX/cmex/m/n on input line 42.
LaTeX Font Info:    ... okay on input line 42.
LaTeX Font Info:    Checking defaults for U/cmr/m/n on input line 42.
LaTeX Font Info:    ... okay on input line 42.
LaTeX Font Info:    Checking defaults for PD1/pdf/m/n on input line 42.
LaTeX Font Info:    ... okay on input line 42.

*geometry* driver: auto-detecting
*geometry* detected driver: pdftex
*geometry* verbose mode - [ preamble ] result:
* driver: pdftex
* paper: a4paper
* layout: <same size as paper>
* layoutoffset:(h,v)=(0.0pt,0.0pt)
* modes: 
* h-part:(L,W,R)=(72.26999pt, 452.9679pt, 72.26999pt)
* v-part:(T,H,B)=(72.26999pt, 700.50687pt, 72.26999pt)
* \paperwidth=597.50787pt
* \paperheight=845.04684pt
* \textwidth=452.9679pt
* \textheight=700.50687pt
* \oddsidemargin=0.0pt
* \evensidemargin=0.0pt
* \topmargin=-37.0pt
* \headheight=12.0pt
* \headsep=25.0pt
* \topskip=12.0pt
* \footskip=30.0pt
* \marginparwidth=35.0pt
* \marginparsep=10.0pt
* \columnsep=10.0pt
* \skip\footins=10.8pt plus 4.0pt minus 2.0pt
* \hoffset=0.0pt
* \voffset=0.0pt
* \mag=1000
* \@twocolumnfalse
* \@twosidefalse
* \@mparswitchfalse
* \@reversemarginfalse
* (1in=72.27pt=25.4mm, 1cm=28.453pt)

(/usr/local/texlive/2016basic/texmf-dist/tex/context/base/mkii/supp-pdf.mkii
[Loading MPS to PDF converter (version 2006.09.02).]
\scratchcounter=\count128
\scratchdimen=\dimen147
\scratchbox=\box34
\nofMPsegments=\count129
\nofMParguments=\count130
\everyMPshowfont=\toks25
\MPscratchCnt=\count131
\MPscratchDim=\dimen148
\MPnumerator=\count132
\makeMPintoPDFobject=\count133
\everyMPtoPDFconversion=\toks26
) (/usr/local/texlive/2016basic/texmf-dist/tex/latex/oberdiek/epstopdf-base.sty
Package: epstopdf-base 2016/05/15 v2.6 Base part for package epstopdf
(/usr/local/texlive/2016basic/texmf-dist/tex/latex/oberdiek/grfext.sty
Package: grfext 2016/05/16 v1.2 Manage graphics extensions (HO)
)
Package grfext Info: Graphics extension search list:
(grfext)             [.png,.pdf,.jpg,.mps,.jpeg,.jbig2,.jb2,.PNG,.PDF,.JPG,.JPE
G,.JBIG2,.JB2,.eps]
(grfext)             \AppendGraphicsExtensions on input line 456.

(/usr/local/texlive/2016basic/texmf-dist/tex/latex/latexconfig/epstopdf-sys.cfg
File: epstopdf-sys.cfg 2010/07/13 v1.3 Configuration of (r)epstopdf for TeX Liv
e
))
Package caption Info: Begin \AtBeginDocument code.
Package caption Info: float package is loaded.
Package caption Info: hyperref package is loaded.
Package caption Info: End \AtBeginDocument code.
\AtBeginShipoutBox=\box35
 (/usr/local/texlive/2016basic/texmf-dist/tex/latex/graphics/color.sty
Package: color 2016/05/09 v1.1c Standard LaTeX Color (DPC)

(/usr/local/texlive/2016basic/texmf-dist/tex/latex/graphics-cfg/color.cfg
File: color.cfg 2016/01/02 v1.6 sample color configuration
)
Package color Info: Driver file: pdftex.def on input line 144.
)
Package hyperref Info: Link coloring ON on input line 42.

(/usr/local/texlive/2016basic/texmf-dist/tex/latex/hyperref/nameref.sty
Package: nameref 2012/10/27 v2.43 Cross-referencing by name of section

(/usr/local/texlive/2016basic/texmf-dist/tex/generic/oberdiek/gettitlestring.st
y
Package: gettitlestring 2016/05/16 v1.5 Cleanup title references (HO)
)
\c@section@level=\count134
)
LaTeX Info: Redefining \ref on input line 42.
LaTeX Info: Redefining \pageref on input line 42.
LaTeX Info: Redefining \nameref on input line 42.
 (./interim_report.out) (./interim_report.out)
\@outlinefile=\write4
\openout4 = `interim_report.out'.

 (./interim_report.toc)
\tf@toc=\write5
\openout5 = `interim_report.toc'.


[1

{/usr/local/texlive/2016basic/texmf-var/fonts/map/pdftex/updmap/pdftex.map}]
(./interim_report.lof)
\tf@lof=\write6
\openout6 = `interim_report.lof'.

 (./interim_report.lot)
\tf@lot=\write7
\openout7 = `interim_report.lot'.

 [2] [3]
No file interim_report.nls.
(./intro.tex [4]
(./latex_maker/prop_correct_ave_test_a1p1_perc100_label/hand_brown_to_hand_ligh
t.tex <../inputs/hand_brown.jpg, id=215, 738.76pt x 526.96875pt>
File: ../inputs/hand_brown.jpg Graphic file (type jpg)

<use ../inputs/hand_brown.jpg>
Package pdftex.def Info: ../inputs/hand_brown.jpg used on input line 3.
(pdftex.def)             Requested size: 131.35909pt x 93.70042pt.

<../inputs/hand_light.jpg, id=216, 1003.75pt x 857.2025pt>
File: ../inputs/hand_light.jpg Graphic file (type jpg)

<use ../inputs/hand_light.jpg>
Package pdftex.def Info: ../inputs/hand_light.jpg used on input line 6.
(pdftex.def)             Requested size: 131.34978pt x 112.1727pt.

<../rc_test/outputs/20170524_prop_corr_1p1_ave_100/hand_brown_to_hand_light.jpg
, id=217, 738.76pt x 526.96875pt>
File: ../rc_test/outputs/20170524_prop_corr_1p1_ave_100/hand_brown_to_hand_ligh
t.jpg Graphic file (type jpg)

<use ../rc_test/outputs/20170524_prop_corr_1p1_ave_100/hand_brown_to_hand_light
.jpg>
Package pdftex.def Info: ../rc_test/outputs/20170524_prop_corr_1p1_ave_100/hand
_brown_to_hand_light.jpg used on input line 9.
(pdftex.def)             Requested size: 131.35909pt x 93.70042pt.
)
Overfull \hbox (11.45201pt too wide) in alignment at lines 18--24
 [] [] [] [] 
 []

[5 <../inputs/hand_brown.jpg> <../inputs/hand_light.jpg> <../rc_test/outputs/20
170524_prop_corr_1p1_ave_100/hand_brown_to_hand_light.jpg>]) [6]
(./lit_review.tex (./lit_review_photoshop.tex
<images/obama_orig.png, id=232, 142.131pt x 142.131pt>
File: images/obama_orig.png Graphic file (type png)

<use images/obama_orig.png>
Package pdftex.def Info: images/obama_orig.png used on input line 16.
(pdftex.def)             Requested size: 131.36282pt x 131.36282pt.

<images/obama_res.png, id=234, 160.9212pt x 138.7584pt>
File: images/obama_res.png Graphic file (type png)

<use images/obama_res.png>
Package pdftex.def Info: images/obama_res.png used on input line 19.
(pdftex.def)             Requested size: 131.36938pt x 113.27658pt.
 [7 <./images/obama_orig.png> <./images/obama_res.png>] <images/match_body_orig
.png, id=251, 162.3666pt x 204.765pt>
File: images/match_body_orig.png Graphic file (type png)

<use images/match_body_orig.png>
Package pdftex.def Info: images/match_body_orig.png used on input line 34.
(pdftex.def)             Requested size: 131.36261pt x 165.66501pt.

<images/match_body_targ.png, id=252, 151.2852pt x 199.947pt>
File: images/match_body_targ.png Graphic file (type png)

<use images/match_body_targ.png>
Package pdftex.def Info: images/match_body_targ.png used on input line 37.
(pdftex.def)             Requested size: 131.3585pt x 173.61076pt.

<images/match_body_res.png, id=253, 151.767pt x 204.765pt>
File: images/match_body_res.png Graphic file (type png)

<use images/match_body_res.png>
Package pdftex.def Info: images/match_body_res.png used on input line 40.
(pdftex.def)             Requested size: 131.35768pt x 177.22862pt.

<images/match_other_1_orig.png, id=256, 151.767pt x 158.994pt>
File: images/match_other_1_orig.png Graphic file (type png)

<use images/match_other_1_orig.png>
Package pdftex.def Info: images/match_other_1_orig.png used on input line 53.
(pdftex.def)             Requested size: 131.35768pt x 137.61282pt.

<images/match_other_1_targ.png, id=257, 154.6578pt x 159.4758pt>
File: images/match_other_1_targ.png Graphic file (type png)

<use images/match_other_1_targ.png>
Package pdftex.def Info: images/match_other_1_targ.png used on input line 56.
(pdftex.def)             Requested size: 131.35826pt x 135.45042pt.

<images/match_other_1_res.png, id=258, 148.8762pt x 158.994pt>
File: images/match_other_1_res.png Graphic file (type png)

<use images/match_other_1_res.png>
Package pdftex.def Info: images/match_other_1_res.png used on input line 59.
(pdftex.def)             Requested size: 131.35675pt x 140.2839pt.

<images/match_other_2_orig.png, id=259, 144.54pt x 159.9576pt>
File: images/match_other_2_orig.png Graphic file (type png)

<use images/match_other_2_orig.png>
Package pdftex.def Info: images/match_other_2_orig.png used on input line 63.
(pdftex.def)             Requested size: 131.36397pt x 145.37613pt.

<images/match_other_2_targ.png, id=260, 138.7584pt x 159.9576pt>
File: images/match_other_2_targ.png Graphic file (type png)

<use images/match_other_2_targ.png>
Package pdftex.def Info: images/match_other_2_targ.png used on input line 66.
(pdftex.def)             Requested size: 131.3645pt x 151.43408pt.

<images/match_other_2_res.png, id=261, 139.2402pt x 159.9576pt>
File: images/match_other_2_res.png Graphic file (type png)

<use images/match_other_2_res.png>
Package pdftex.def Info: images/match_other_2_res.png used on input line 69.
(pdftex.def)             Requested size: 131.36171pt x 150.90688pt.

Overfull \hbox (11.45201pt too wide) in alignment at lines 47--72
 [] [] [] [] 
 []

[8 <./images/match_body_orig.png> <./images/match_body_targ.png> <./images/matc
h_body_res.png> <./images/match_other_1_orig.png> <./images/match_other_1_targ.
png> <./images/match_other_1_res.png>]) [9 <./images/match_other_2_orig.png> <.
/images/match_other_2_targ.png> <./images/match_other_2_res.png>]
<images/reinhard_orig1.jpg, id=294, 207.2258pt x 155.41936pt>
File: images/reinhard_orig1.jpg Graphic file (type jpg)

<use images/reinhard_orig1.jpg>
Package pdftex.def Info: images/reinhard_orig1.jpg used on input line 28.
(pdftex.def)             Requested size: 131.35924pt x 98.51944pt.

<images/reinhard_target1.jpg, id=295, 207.2258pt x 134.43774pt>
File: images/reinhard_target1.jpg Graphic file (type jpg)

<use images/reinhard_target1.jpg>
Package pdftex.def Info: images/reinhard_target1.jpg used on input line 31.
(pdftex.def)             Requested size: 131.35924pt x 85.2193pt.

<images/reinhard_result1.jpg, id=296, 207.2258pt x 155.16032pt>
File: images/reinhard_result1.jpg Graphic file (type jpg)

<use images/reinhard_result1.jpg>
Package pdftex.def Info: images/reinhard_result1.jpg used on input line 34.
(pdftex.def)             Requested size: 131.35924pt x 98.35522pt.

Overfull \hbox (11.45201pt too wide) in alignment at lines 22--36
 [] [] [] [] 
 []

[10 <./images/reinhard_orig1.jpg> <./images/reinhard_target1.jpg> <./images/rei
nhard_result1.jpg>]
<images/pitie_original.png, id=308, 194.7275pt x 156.585pt>
File: images/pitie_original.png Graphic file (type png)

<use images/pitie_original.png>
Package pdftex.def Info: images/pitie_original.png used on input line 46.
(pdftex.def)             Requested size: 131.36108pt x 105.63057pt.

<images/pitie_target1.png, id=309, 195.73125pt x 154.5775pt>
File: images/pitie_target1.png Graphic file (type png)

<use images/pitie_target1.png>
Package pdftex.def Info: images/pitie_target1.png used on input line 49.
(pdftex.def)             Requested size: 131.36324pt x 103.74327pt.

<images/pitie_result1.png, id=310, 194.7275pt x 155.58125pt>
File: images/pitie_result1.png Graphic file (type png)

<use images/pitie_result1.png>
Package pdftex.def Info: images/pitie_result1.png used on input line 52.
(pdftex.def)             Requested size: 131.36108pt x 104.95345pt.
File: images/pitie_original.png Graphic file (type png)
 <use images/pitie_original.png>
Package pdftex.def Info: images/pitie_original.png used on input line 56.
(pdftex.def)             Requested size: 131.36108pt x 105.63057pt.

<images/pitie_target2.png, id=311, 194.7275pt x 153.57375pt>
File: images/pitie_target2.png Graphic file (type png)

<use images/pitie_target2.png>
Package pdftex.def Info: images/pitie_target2.png used on input line 59.
(pdftex.def)             Requested size: 131.36108pt x 103.59921pt.

<images/pitie_result2.png, id=312, 192.72pt x 154.5775pt>
File: images/pitie_result2.png Graphic file (type png)

<use images/pitie_result2.png>
Package pdftex.def Info: images/pitie_result2.png used on input line 62.
(pdftex.def)             Requested size: 131.35661pt x 105.35895pt.

Overfull \hbox (11.45201pt too wide) in alignment at lines 40--65
 [] [] [] [] 
 []

<images/seo_orig1.jpg, id=319, 86.821pt x 109.13255pt>
File: images/seo_orig1.jpg Graphic file (type jpg)

<use images/seo_orig1.jpg>
Package pdftex.def Info: images/seo_orig1.jpg used on input line 83.
(pdftex.def)             Requested size: 131.36914pt x 165.12885pt.

<images/seo_target1.jpg, id=320, 80.9424pt x 113.223pt>
File: images/seo_target1.jpg Graphic file (type jpg)

<use images/seo_target1.jpg>
Package pdftex.def Info: images/seo_target1.jpg used on input line 86.
(pdftex.def)             Requested size: 131.36433pt x 183.75368pt.

<images/seo_result1.jpg, id=321, 86.821pt x 109.13255pt>
File: images/seo_result1.jpg Graphic file (type jpg)

<use images/seo_result1.jpg>
Package pdftex.def Info: images/seo_result1.jpg used on input line 89.
(pdftex.def)             Requested size: 131.36914pt x 165.12885pt.

Overfull \hbox (11.45201pt too wide) in alignment at lines 77--91
 [] [] [] [] 
 []

[11 <./images/pitie_original.png> <./images/pitie_target1.png> <./images/pitie_
result1.png> <./images/pitie_target2.png> <./images/pitie_result2.png>]
<images/yang_orig1.jpg, id=341, 84.5559pt x 47.9391pt>
File: images/yang_orig1.jpg Graphic file (type jpg)

<use images/yang_orig1.jpg>
Package pdftex.def Info: images/yang_orig1.jpg used on input line 104.
(pdftex.def)             Requested size: 131.37119pt x 74.4811pt.

<images/yang_target1.jpg, id=342, 353.32pt x 199.74625pt>
File: images/yang_target1.jpg Graphic file (type jpg)

<use images/yang_target1.jpg>
Package pdftex.def Info: images/yang_target1.jpg used on input line 107.
(pdftex.def)             Requested size: 131.35712pt x 74.26155pt.

<images/yang_result1.jpg, id=343, 84.5559pt x 47.9391pt>
File: images/yang_result1.jpg Graphic file (type jpg)

<use images/yang_result1.jpg>
Package pdftex.def Info: images/yang_result1.jpg used on input line 110.
(pdftex.def)             Requested size: 131.37119pt x 74.4811pt.

Overfull \hbox (11.45201pt too wide) in alignment at lines 98--112
 [] [] [] [] 
 []

<images/yin_orig1.jpg, id=348, 70.30347pt x 84.56082pt>
File: images/yin_orig1.jpg Graphic file (type jpg)

<use images/yin_orig1.jpg>
Package pdftex.def Info: images/yin_orig1.jpg used on input line 122.
(pdftex.def)             Requested size: 131.36917pt x 158.01047pt.

<images/yin_target1.jpg, id=349, 56.74722pt x 82.1944pt>
File: images/yin_target1.jpg Graphic file (type jpg)

<use images/yin_target1.jpg>
Package pdftex.def Info: images/yin_target1.jpg used on input line 125.
(pdftex.def)             Requested size: 131.38692pt x 190.30481pt.

<images/yin_result1.jpg, id=350, 70.3428pt x 85.0377pt>
File: images/yin_result1.jpg Graphic file (type jpg)

<use images/yin_result1.jpg>
Package pdftex.def Info: images/yin_result1.jpg used on input line 128.
(pdftex.def)             Requested size: 131.38364pt x 158.83022pt.

Overfull \hbox (11.45201pt too wide) in alignment at lines 116--130
 [] [] [] [] 
 []

[12 <./images/seo_orig1.jpg> <./images/seo_target1.jpg> <./images/seo_result1.j
pg> <./images/yang_orig1.jpg> <./images/yang_target1.jpg> <./images/yang_result
1.jpg>] [13 <./images/yin_orig1.jpg> <./images/yin_target1.jpg> <./images/yin_r
esult1.jpg>]
Missing character: There is no Ã in font cmr12!
Missing character: There is no © in font cmr12!

Overfull \hbox (12.20831pt too wide) in paragraph at lines 169--169
[]\OT1/cmr/bx/n/14.4 Summary of dif-fer-ences be-tween prior stud-ies and this 
project 
 []

[14]) [15] (./methods.tex
<images/hand_dark.jpg, id=379, 1003.75pt x 717.68124pt>
File: images/hand_dark.jpg Graphic file (type jpg)

<use images/hand_dark.jpg>
Package pdftex.def Info: images/hand_dark.jpg used on input line 13.
(pdftex.def)             Requested size: 90.5922pt x 64.76373pt.

<images/hand_brown.jpg, id=380, 738.76pt x 526.96875pt>
File: images/hand_brown.jpg Graphic file (type jpg)

<use images/hand_brown.jpg>
Package pdftex.def Info: images/hand_brown.jpg used on input line 18.
(pdftex.def)             Requested size: 90.5922pt x 64.61655pt.

<images/hand_light.jpg, id=381, 1003.75pt x 857.2025pt>
File: images/hand_light.jpg Graphic file (type jpg)

<use images/hand_light.jpg>
Package pdftex.def Info: images/hand_light.jpg used on input line 23.
(pdftex.def)             Requested size: 90.5922pt x 77.35417pt.

<images/hand_pale.jpg, id=382, 803.0pt x 604.2575pt>
File: images/hand_pale.jpg Graphic file (type jpg)

<use images/hand_pale.jpg>
Package pdftex.def Info: images/hand_pale.jpg used on input line 28.
(pdftex.def)             Requested size: 90.5922pt x 68.16504pt.
 (./methods_algo_boost.tex [16 <./images/hand_dark.jpg> <./images/hand_brown.jp
g> <./images/hand_light.jpg> <./images/hand_pale.jpg>]

LaTeX Warning: Reference `app:boost' on page 17 undefined on input line 25.

(./latex_maker/boost_test-summary.tex
<../inputs/hand_dark.jpg, id=393, 1003.75pt x 717.68124pt>
File: ../inputs/hand_dark.jpg Graphic file (type jpg)

<use ../inputs/hand_dark.jpg>
Package pdftex.def Info: ../inputs/hand_dark.jpg used on input line 8.
(pdftex.def)             Requested size: 131.34978pt x 93.91508pt.
File: ../inputs/hand_brown.jpg Graphic file (type jpg)
 <use ../inputs/hand_brown.jpg>
Package pdftex.def Info: ../inputs/hand_brown.jpg used on input line 11.
(pdftex.def)             Requested size: 131.35909pt x 93.70042pt.

<../rc_test/outputs/20170516_boost_test/hand_dark_to_hand_brown.jpg, id=394, 10
03.75pt x 717.68124pt>
File: ../rc_test/outputs/20170516_boost_test/hand_dark_to_hand_brown.jpg Graphi
c file (type jpg)

<use ../rc_test/outputs/20170516_boost_test/hand_dark_to_hand_brown.jpg>
Package pdftex.def Info: ../rc_test/outputs/20170516_boost_test/hand_dark_to_ha
nd_brown.jpg used on input line 14.
(pdftex.def)             Requested size: 131.34978pt x 93.91508pt.
File: ../inputs/hand_dark.jpg Graphic file (type jpg)

<use ../inputs/hand_dark.jpg>
Package pdftex.def Info: ../inputs/hand_dark.jpg used on input line 18.
(pdftex.def)             Requested size: 131.34978pt x 93.91508pt.
File: ../inputs/hand_light.jpg Graphic file (type jpg)
 <use ../inputs/hand_light.jpg>
Package pdftex.def Info: ../inputs/hand_light.jpg used on input line 21.
(pdftex.def)             Requested size: 131.34978pt x 112.1727pt.

<../rc_test/outputs/20170516_boost_test/hand_dark_to_hand_light.jpg, id=395, 10
03.75pt x 717.68124pt>
File: ../rc_test/outputs/20170516_boost_test/hand_dark_to_hand_light.jpg Graphi
c file (type jpg)

<use ../rc_test/outputs/20170516_boost_test/hand_dark_to_hand_light.jpg>
Package pdftex.def Info: ../rc_test/outputs/20170516_boost_test/hand_dark_to_ha
nd_light.jpg used on input line 24.
(pdftex.def)             Requested size: 131.34978pt x 93.91508pt.
File: ../inputs/hand_dark.jpg Graphic file (type jpg)

<use ../inputs/hand_dark.jpg>
Package pdftex.def Info: ../inputs/hand_dark.jpg used on input line 28.
(pdftex.def)             Requested size: 131.34978pt x 93.91508pt.

<../inputs/hand_pale.jpg, id=396, 803.0pt x 604.2575pt>
File: ../inputs/hand_pale.jpg Graphic file (type jpg)

<use ../inputs/hand_pale.jpg>
Package pdftex.def Info: ../inputs/hand_pale.jpg used on input line 31.
(pdftex.def)             Requested size: 131.34978pt x 98.8407pt.

<../rc_test/outputs/20170516_boost_test/hand_dark_to_hand_pale.jpg, id=397, 100
3.75pt x 717.68124pt>
File: ../rc_test/outputs/20170516_boost_test/hand_dark_to_hand_pale.jpg Graphic
 file (type jpg)

<use ../rc_test/outputs/20170516_boost_test/hand_dark_to_hand_pale.jpg>
Package pdftex.def Info: ../rc_test/outputs/20170516_boost_test/hand_dark_to_ha
nd_pale.jpg used on input line 34.
(pdftex.def)             Requested size: 131.34978pt x 93.91508pt.
File: ../inputs/hand_brown.jpg Graphic file (type jpg)

<use ../inputs/hand_brown.jpg>
Package pdftex.def Info: ../inputs/hand_brown.jpg used on input line 38.
(pdftex.def)             Requested size: 131.35909pt x 93.70042pt.
File: ../inputs/hand_dark.jpg Graphic file (type jpg)
 <use ../inputs/hand_dark.jpg>
Package pdftex.def Info: ../inputs/hand_dark.jpg used on input line 41.
(pdftex.def)             Requested size: 131.34978pt x 93.91508pt.

<../rc_test/outputs/20170516_boost_test/hand_brown_to_hand_dark.jpg, id=398, 73
8.76pt x 526.96875pt>
File: ../rc_test/outputs/20170516_boost_test/hand_brown_to_hand_dark.jpg Graphi
c file (type jpg)

<use ../rc_test/outputs/20170516_boost_test/hand_brown_to_hand_dark.jpg>
Package pdftex.def Info: ../rc_test/outputs/20170516_boost_test/hand_brown_to_h
and_dark.jpg used on input line 44.
(pdftex.def)             Requested size: 131.35909pt x 93.70042pt.
File: ../inputs/hand_brown.jpg Graphic file (type jpg)

<use ../inputs/hand_brown.jpg>
Package pdftex.def Info: ../inputs/hand_brown.jpg used on input line 48.
(pdftex.def)             Requested size: 131.35909pt x 93.70042pt.
File: ../inputs/hand_light.jpg Graphic file (type jpg)
 <use ../inputs/hand_light.jpg>
Package pdftex.def Info: ../inputs/hand_light.jpg used on input line 51.
(pdftex.def)             Requested size: 131.34978pt x 112.1727pt.

<../rc_test/outputs/20170516_boost_test/hand_brown_to_hand_light.jpg, id=399, 7
38.76pt x 526.96875pt>
File: ../rc_test/outputs/20170516_boost_test/hand_brown_to_hand_light.jpg Graph
ic file (type jpg)

<use ../rc_test/outputs/20170516_boost_test/hand_brown_to_hand_light.jpg>
Package pdftex.def Info: ../rc_test/outputs/20170516_boost_test/hand_brown_to_h
and_light.jpg used on input line 54.
(pdftex.def)             Requested size: 131.35909pt x 93.70042pt.
File: ../inputs/hand_brown.jpg Graphic file (type jpg)

<use ../inputs/hand_brown.jpg>
Package pdftex.def Info: ../inputs/hand_brown.jpg used on input line 58.
(pdftex.def)             Requested size: 131.35909pt x 93.70042pt.
File: ../inputs/hand_pale.jpg Graphic file (type jpg)
 <use ../inputs/hand_pale.jpg>
Package pdftex.def Info: ../inputs/hand_pale.jpg used on input line 61.
(pdftex.def)             Requested size: 131.34978pt x 98.8407pt.

<../rc_test/outputs/20170516_boost_test/hand_brown_to_hand_pale.jpg, id=400, 73
8.76pt x 526.96875pt>
File: ../rc_test/outputs/20170516_boost_test/hand_brown_to_hand_pale.jpg Graphi
c file (type jpg)

<use ../rc_test/outputs/20170516_boost_test/hand_brown_to_hand_pale.jpg>
Package pdftex.def Info: ../rc_test/outputs/20170516_boost_test/hand_brown_to_h
and_pale.jpg used on input line 64.
(pdftex.def)             Requested size: 131.35909pt x 93.70042pt.
File: ../inputs/hand_light.jpg Graphic file (type jpg)

<use ../inputs/hand_light.jpg>
Package pdftex.def Info: ../inputs/hand_light.jpg used on input line 68.
(pdftex.def)             Requested size: 131.34978pt x 112.1727pt.
File: ../inputs/hand_dark.jpg Graphic file (type jpg)
 <use ../inputs/hand_dark.jpg>
Package pdftex.def Info: ../inputs/hand_dark.jpg used on input line 71.
(pdftex.def)             Requested size: 131.34978pt x 93.91508pt.

<../rc_test/outputs/20170516_boost_test/hand_light_to_hand_dark.jpg, id=401, 10
03.75pt x 857.2025pt>
File: ../rc_test/outputs/20170516_boost_test/hand_light_to_hand_dark.jpg Graphi
c file (type jpg)

<use ../rc_test/outputs/20170516_boost_test/hand_light_to_hand_dark.jpg>
Package pdftex.def Info: ../rc_test/outputs/20170516_boost_test/hand_light_to_h
and_dark.jpg used on input line 74.
(pdftex.def)             Requested size: 131.34978pt x 112.1727pt.
File: ../inputs/hand_light.jpg Graphic file (type jpg)

<use ../inputs/hand_light.jpg>
Package pdftex.def Info: ../inputs/hand_light.jpg used on input line 78.
(pdftex.def)             Requested size: 131.34978pt x 112.1727pt.
File: ../inputs/hand_brown.jpg Graphic file (type jpg)
 <use ../inputs/hand_brown.jpg>
Package pdftex.def Info: ../inputs/hand_brown.jpg used on input line 81.
(pdftex.def)             Requested size: 131.35909pt x 93.70042pt.

<../rc_test/outputs/20170516_boost_test/hand_light_to_hand_brown.jpg, id=402, 1
003.75pt x 857.2025pt>
File: ../rc_test/outputs/20170516_boost_test/hand_light_to_hand_brown.jpg Graph
ic file (type jpg)

<use ../rc_test/outputs/20170516_boost_test/hand_light_to_hand_brown.jpg>
Package pdftex.def Info: ../rc_test/outputs/20170516_boost_test/hand_light_to_h
and_brown.jpg used on input line 84.
(pdftex.def)             Requested size: 131.34978pt x 112.1727pt.
File: ../inputs/hand_light.jpg Graphic file (type jpg)

<use ../inputs/hand_light.jpg>
Package pdftex.def Info: ../inputs/hand_light.jpg used on input line 88.
(pdftex.def)             Requested size: 131.34978pt x 112.1727pt.
File: ../inputs/hand_pale.jpg Graphic file (type jpg)
 <use ../inputs/hand_pale.jpg>
Package pdftex.def Info: ../inputs/hand_pale.jpg used on input line 91.
(pdftex.def)             Requested size: 131.34978pt x 98.8407pt.

<../rc_test/outputs/20170516_boost_test/hand_light_to_hand_pale.jpg, id=403, 10
03.75pt x 857.2025pt>
File: ../rc_test/outputs/20170516_boost_test/hand_light_to_hand_pale.jpg Graphi
c file (type jpg)

<use ../rc_test/outputs/20170516_boost_test/hand_light_to_hand_pale.jpg>
Package pdftex.def Info: ../rc_test/outputs/20170516_boost_test/hand_light_to_h
and_pale.jpg used on input line 94.
(pdftex.def)             Requested size: 131.34978pt x 112.1727pt.
File: ../inputs/hand_pale.jpg Graphic file (type jpg)

<use ../inputs/hand_pale.jpg>
Package pdftex.def Info: ../inputs/hand_pale.jpg used on input line 98.
(pdftex.def)             Requested size: 131.34978pt x 98.8407pt.
File: ../inputs/hand_dark.jpg Graphic file (type jpg)
 <use ../inputs/hand_dark.jpg>
Package pdftex.def Info: ../inputs/hand_dark.jpg used on input line 101.
(pdftex.def)             Requested size: 131.34978pt x 93.91508pt.

<../rc_test/outputs/20170516_boost_test/hand_pale_to_hand_dark.jpg, id=404, 803
.0pt x 604.2575pt>
File: ../rc_test/outputs/20170516_boost_test/hand_pale_to_hand_dark.jpg Graphic
 file (type jpg)

<use ../rc_test/outputs/20170516_boost_test/hand_pale_to_hand_dark.jpg>
Package pdftex.def Info: ../rc_test/outputs/20170516_boost_test/hand_pale_to_ha
nd_dark.jpg used on input line 104.
(pdftex.def)             Requested size: 131.34978pt x 98.8407pt.
File: ../inputs/hand_pale.jpg Graphic file (type jpg)

<use ../inputs/hand_pale.jpg>
Package pdftex.def Info: ../inputs/hand_pale.jpg used on input line 108.
(pdftex.def)             Requested size: 131.34978pt x 98.8407pt.
File: ../inputs/hand_brown.jpg Graphic file (type jpg)
 <use ../inputs/hand_brown.jpg>
Package pdftex.def Info: ../inputs/hand_brown.jpg used on input line 111.
(pdftex.def)             Requested size: 131.35909pt x 93.70042pt.

<../rc_test/outputs/20170516_boost_test/hand_pale_to_hand_brown.jpg, id=405, 80
3.0pt x 604.2575pt>
File: ../rc_test/outputs/20170516_boost_test/hand_pale_to_hand_brown.jpg Graphi
c file (type jpg)

<use ../rc_test/outputs/20170516_boost_test/hand_pale_to_hand_brown.jpg>
Package pdftex.def Info: ../rc_test/outputs/20170516_boost_test/hand_pale_to_ha
nd_brown.jpg used on input line 114.
(pdftex.def)             Requested size: 131.34978pt x 98.8407pt.
File: ../inputs/hand_pale.jpg Graphic file (type jpg)

<use ../inputs/hand_pale.jpg>
Package pdftex.def Info: ../inputs/hand_pale.jpg used on input line 118.
(pdftex.def)             Requested size: 131.34978pt x 98.8407pt.
File: ../inputs/hand_light.jpg Graphic file (type jpg)
 <use ../inputs/hand_light.jpg>
Package pdftex.def Info: ../inputs/hand_light.jpg used on input line 121.
(pdftex.def)             Requested size: 131.34978pt x 112.1727pt.

<../rc_test/outputs/20170516_boost_test/hand_pale_to_hand_light.jpg, id=406, 80
3.0pt x 604.2575pt>
File: ../rc_test/outputs/20170516_boost_test/hand_pale_to_hand_light.jpg Graphi
c file (type jpg)

<use ../rc_test/outputs/20170516_boost_test/hand_pale_to_hand_light.jpg>
Package pdftex.def Info: ../rc_test/outputs/20170516_boost_test/hand_pale_to_ha
nd_light.jpg used on input line 124.
(pdftex.def)             Requested size: 131.34978pt x 98.8407pt.

Overfull \hbox (20.26859pt too wide) in alignment at lines 1--127
 [] [] [] [] 
 []

[17 <../inputs/hand_dark.jpg> <../rc_test/outputs/20170516_boost_test/hand_dark
_to_hand_brown.jpg> <../rc_test/outputs/20170516_boost_test/hand_dark_to_hand_l
ight.jpg> <../inputs/hand_pale.jpg> <../rc_test/outputs/20170516_boost_test/han
d_dark_to_hand_pale.jpg>] [18 <../rc_test/outputs/20170516_boost_test/hand_brow
n_to_hand_dark.jpg> <../rc_test/outputs/20170516_boost_test/hand_brown_to_hand_
light.jpg> <../rc_test/outputs/20170516_boost_test/hand_brown_to_hand_pale.jpg>
 <../rc_test/outputs/20170516_boost_test/hand_light_to_hand_dark.jpg> <../rc_te
st/outputs/20170516_boost_test/hand_light_to_hand_brown.jpg> <../rc_test/output
s/20170516_boost_test/hand_light_to_hand_pale.jpg>])) (./methods_algo_prop.tex
[19 <../rc_test/outputs/20170516_boost_test/hand_pale_to_hand_dark.jpg> <../rc_
test/outputs/20170516_boost_test/hand_pale_to_hand_brown.jpg> <../rc_test/outpu
ts/20170516_boost_test/hand_pale_to_hand_light.jpg>]

LaTeX Warning: Reference `app:prop' on page 20 undefined on input line 20.

(./latex_maker/prop_test-summary.tex
File: ../inputs/hand_dark.jpg Graphic file (type jpg)
 <use ../inputs/hand_dark.jpg>
Package pdftex.def Info: ../inputs/hand_dark.jpg used on input line 8.
(pdftex.def)             Requested size: 131.34978pt x 93.91508pt.
File: ../inputs/hand_brown.jpg Graphic file (type jpg)

<use ../inputs/hand_brown.jpg>
Package pdftex.def Info: ../inputs/hand_brown.jpg used on input line 11.
(pdftex.def)             Requested size: 131.35909pt x 93.70042pt.

<../rc_test/outputs/20170516_proportional_test/hand_dark_to_hand_brown.jpg, id=
449, 1003.75pt x 717.68124pt>
File: ../rc_test/outputs/20170516_proportional_test/hand_dark_to_hand_brown.jpg
 Graphic file (type jpg)

<use ../rc_test/outputs/20170516_proportional_test/hand_dark_to_hand_brown.jpg>
Package pdftex.def Info: ../rc_test/outputs/20170516_proportional_test/hand_dar
k_to_hand_brown.jpg used on input line 14.
(pdftex.def)             Requested size: 131.34978pt x 93.91508pt.
File: ../inputs/hand_dark.jpg Graphic file (type jpg)
<use ../inputs/hand_dark.jpg>
Package pdftex.def Info: ../inputs/hand_dark.jpg used on input line 18.
(pdftex.def)             Requested size: 131.34978pt x 93.91508pt.
File: ../inputs/hand_light.jpg Graphic file (type jpg)
 <use ../inputs/hand_light.jpg>
Package pdftex.def Info: ../inputs/hand_light.jpg used on input line 21.
(pdftex.def)             Requested size: 131.34978pt x 112.1727pt.

<../rc_test/outputs/20170516_proportional_test/hand_dark_to_hand_light.jpg, id=
450, 1003.75pt x 717.68124pt>
File: ../rc_test/outputs/20170516_proportional_test/hand_dark_to_hand_light.jpg
 Graphic file (type jpg)

<use ../rc_test/outputs/20170516_proportional_test/hand_dark_to_hand_light.jpg>
Package pdftex.def Info: ../rc_test/outputs/20170516_proportional_test/hand_dar
k_to_hand_light.jpg used on input line 24.
(pdftex.def)             Requested size: 131.34978pt x 93.91508pt.
File: ../inputs/hand_dark.jpg Graphic file (type jpg)
<use ../inputs/hand_dark.jpg>
Package pdftex.def Info: ../inputs/hand_dark.jpg used on input line 28.
(pdftex.def)             Requested size: 131.34978pt x 93.91508pt.
File: ../inputs/hand_pale.jpg Graphic file (type jpg)
 <use ../inputs/hand_pale.jpg>
Package pdftex.def Info: ../inputs/hand_pale.jpg used on input line 31.
(pdftex.def)             Requested size: 131.34978pt x 98.8407pt.

<../rc_test/outputs/20170516_proportional_test/hand_dark_to_hand_pale.jpg, id=4
51, 1003.75pt x 717.68124pt>
File: ../rc_test/outputs/20170516_proportional_test/hand_dark_to_hand_pale.jpg 
Graphic file (type jpg)

<use ../rc_test/outputs/20170516_proportional_test/hand_dark_to_hand_pale.jpg>
Package pdftex.def Info: ../rc_test/outputs/20170516_proportional_test/hand_dar
k_to_hand_pale.jpg used on input line 34.
(pdftex.def)             Requested size: 131.34978pt x 93.91508pt.
File: ../inputs/hand_brown.jpg Graphic file (type jpg)

<use ../inputs/hand_brown.jpg>
Package pdftex.def Info: ../inputs/hand_brown.jpg used on input line 38.
(pdftex.def)             Requested size: 131.35909pt x 93.70042pt.
File: ../inputs/hand_dark.jpg Graphic file (type jpg)
 <use ../inputs/hand_dark.jpg>
Package pdftex.def Info: ../inputs/hand_dark.jpg used on input line 41.
(pdftex.def)             Requested size: 131.34978pt x 93.91508pt.

<../rc_test/outputs/20170516_proportional_test/hand_brown_to_hand_dark.jpg, id=
452, 738.76pt x 526.96875pt>
File: ../rc_test/outputs/20170516_proportional_test/hand_brown_to_hand_dark.jpg
 Graphic file (type jpg)

<use ../rc_test/outputs/20170516_proportional_test/hand_brown_to_hand_dark.jpg>
Package pdftex.def Info: ../rc_test/outputs/20170516_proportional_test/hand_bro
wn_to_hand_dark.jpg used on input line 44.
(pdftex.def)             Requested size: 131.35909pt x 93.70042pt.
File: ../inputs/hand_brown.jpg Graphic file (type jpg)
<use ../inputs/hand_brown.jpg>
Package pdftex.def Info: ../inputs/hand_brown.jpg used on input line 48.
(pdftex.def)             Requested size: 131.35909pt x 93.70042pt.
File: ../inputs/hand_light.jpg Graphic file (type jpg)
 <use ../inputs/hand_light.jpg>
Package pdftex.def Info: ../inputs/hand_light.jpg used on input line 51.
(pdftex.def)             Requested size: 131.34978pt x 112.1727pt.

<../rc_test/outputs/20170516_proportional_test/hand_brown_to_hand_light.jpg, id
=453, 738.76pt x 526.96875pt>
File: ../rc_test/outputs/20170516_proportional_test/hand_brown_to_hand_light.jp
g Graphic file (type jpg)

<use ../rc_test/outputs/20170516_proportional_test/hand_brown_to_hand_light.jpg
>
Package pdftex.def Info: ../rc_test/outputs/20170516_proportional_test/hand_bro
wn_to_hand_light.jpg used on input line 54.
(pdftex.def)             Requested size: 131.35909pt x 93.70042pt.
File: ../inputs/hand_brown.jpg Graphic file (type jpg)
 <use ../inputs/hand_brown.jpg>
Package pdftex.def Info: ../inputs/hand_brown.jpg used on input line 58.
(pdftex.def)             Requested size: 131.35909pt x 93.70042pt.
File: ../inputs/hand_pale.jpg Graphic file (type jpg)
 <use ../inputs/hand_pale.jpg>
Package pdftex.def Info: ../inputs/hand_pale.jpg used on input line 61.
(pdftex.def)             Requested size: 131.34978pt x 98.8407pt.

<../rc_test/outputs/20170516_proportional_test/hand_brown_to_hand_pale.jpg, id=
454, 738.76pt x 526.96875pt>
File: ../rc_test/outputs/20170516_proportional_test/hand_brown_to_hand_pale.jpg
 Graphic file (type jpg)

<use ../rc_test/outputs/20170516_proportional_test/hand_brown_to_hand_pale.jpg>
Package pdftex.def Info: ../rc_test/outputs/20170516_proportional_test/hand_bro
wn_to_hand_pale.jpg used on input line 64.
(pdftex.def)             Requested size: 131.35909pt x 93.70042pt.
File: ../inputs/hand_light.jpg Graphic file (type jpg)
<use ../inputs/hand_light.jpg>
Package pdftex.def Info: ../inputs/hand_light.jpg used on input line 68.
(pdftex.def)             Requested size: 131.34978pt x 112.1727pt.
File: ../inputs/hand_dark.jpg Graphic file (type jpg)
 <use ../inputs/hand_dark.jpg>
Package pdftex.def Info: ../inputs/hand_dark.jpg used on input line 71.
(pdftex.def)             Requested size: 131.34978pt x 93.91508pt.

<../rc_test/outputs/20170516_proportional_test/hand_light_to_hand_dark.jpg, id=
455, 1003.75pt x 857.2025pt>
File: ../rc_test/outputs/20170516_proportional_test/hand_light_to_hand_dark.jpg
 Graphic file (type jpg)

<use ../rc_test/outputs/20170516_proportional_test/hand_light_to_hand_dark.jpg>
Package pdftex.def Info: ../rc_test/outputs/20170516_proportional_test/hand_lig
ht_to_hand_dark.jpg used on input line 74.
(pdftex.def)             Requested size: 131.34978pt x 112.1727pt.
File: ../inputs/hand_light.jpg Graphic file (type jpg)
<use ../inputs/hand_light.jpg>
Package pdftex.def Info: ../inputs/hand_light.jpg used on input line 78.
(pdftex.def)             Requested size: 131.34978pt x 112.1727pt.
File: ../inputs/hand_brown.jpg Graphic file (type jpg)
 <use ../inputs/hand_brown.jpg>
Package pdftex.def Info: ../inputs/hand_brown.jpg used on input line 81.
(pdftex.def)             Requested size: 131.35909pt x 93.70042pt.

<../rc_test/outputs/20170516_proportional_test/hand_light_to_hand_brown.jpg, id
=456, 1003.75pt x 857.2025pt>
File: ../rc_test/outputs/20170516_proportional_test/hand_light_to_hand_brown.jp
g Graphic file (type jpg)

<use ../rc_test/outputs/20170516_proportional_test/hand_light_to_hand_brown.jpg
>
Package pdftex.def Info: ../rc_test/outputs/20170516_proportional_test/hand_lig
ht_to_hand_brown.jpg used on input line 84.
(pdftex.def)             Requested size: 131.34978pt x 112.1727pt.
File: ../inputs/hand_light.jpg Graphic file (type jpg)
 <use ../inputs/hand_light.jpg>
Package pdftex.def Info: ../inputs/hand_light.jpg used on input line 88.
(pdftex.def)             Requested size: 131.34978pt x 112.1727pt.
File: ../inputs/hand_pale.jpg Graphic file (type jpg)
 <use ../inputs/hand_pale.jpg>
Package pdftex.def Info: ../inputs/hand_pale.jpg used on input line 91.
(pdftex.def)             Requested size: 131.34978pt x 98.8407pt.

<../rc_test/outputs/20170516_proportional_test/hand_light_to_hand_pale.jpg, id=
457, 1003.75pt x 857.2025pt>
File: ../rc_test/outputs/20170516_proportional_test/hand_light_to_hand_pale.jpg
 Graphic file (type jpg)

<use ../rc_test/outputs/20170516_proportional_test/hand_light_to_hand_pale.jpg>
Package pdftex.def Info: ../rc_test/outputs/20170516_proportional_test/hand_lig
ht_to_hand_pale.jpg used on input line 94.
(pdftex.def)             Requested size: 131.34978pt x 112.1727pt.
File: ../inputs/hand_pale.jpg Graphic file (type jpg)
<use ../inputs/hand_pale.jpg>
Package pdftex.def Info: ../inputs/hand_pale.jpg used on input line 98.
(pdftex.def)             Requested size: 131.34978pt x 98.8407pt.
File: ../inputs/hand_dark.jpg Graphic file (type jpg)
 <use ../inputs/hand_dark.jpg>
Package pdftex.def Info: ../inputs/hand_dark.jpg used on input line 101.
(pdftex.def)             Requested size: 131.34978pt x 93.91508pt.

<../rc_test/outputs/20170516_proportional_test/hand_pale_to_hand_dark.jpg, id=4
58, 803.0pt x 604.2575pt>
File: ../rc_test/outputs/20170516_proportional_test/hand_pale_to_hand_dark.jpg 
Graphic file (type jpg)

<use ../rc_test/outputs/20170516_proportional_test/hand_pale_to_hand_dark.jpg>
Package pdftex.def Info: ../rc_test/outputs/20170516_proportional_test/hand_pal
e_to_hand_dark.jpg used on input line 104.
(pdftex.def)             Requested size: 131.34978pt x 98.8407pt.
File: ../inputs/hand_pale.jpg Graphic file (type jpg)

<use ../inputs/hand_pale.jpg>
Package pdftex.def Info: ../inputs/hand_pale.jpg used on input line 108.
(pdftex.def)             Requested size: 131.34978pt x 98.8407pt.
File: ../inputs/hand_brown.jpg Graphic file (type jpg)
 <use ../inputs/hand_brown.jpg>
Package pdftex.def Info: ../inputs/hand_brown.jpg used on input line 111.
(pdftex.def)             Requested size: 131.35909pt x 93.70042pt.

<../rc_test/outputs/20170516_proportional_test/hand_pale_to_hand_brown.jpg, id=
459, 803.0pt x 604.2575pt>
File: ../rc_test/outputs/20170516_proportional_test/hand_pale_to_hand_brown.jpg
 Graphic file (type jpg)

<use ../rc_test/outputs/20170516_proportional_test/hand_pale_to_hand_brown.jpg>
Package pdftex.def Info: ../rc_test/outputs/20170516_proportional_test/hand_pal
e_to_hand_brown.jpg used on input line 114.
(pdftex.def)             Requested size: 131.34978pt x 98.8407pt.
File: ../inputs/hand_pale.jpg Graphic file (type jpg)
<use ../inputs/hand_pale.jpg>
Package pdftex.def Info: ../inputs/hand_pale.jpg used on input line 118.
(pdftex.def)             Requested size: 131.34978pt x 98.8407pt.
File: ../inputs/hand_light.jpg Graphic file (type jpg)
 <use ../inputs/hand_light.jpg>
Package pdftex.def Info: ../inputs/hand_light.jpg used on input line 121.
(pdftex.def)             Requested size: 131.34978pt x 112.1727pt.

<../rc_test/outputs/20170516_proportional_test/hand_pale_to_hand_light.jpg, id=
460, 803.0pt x 604.2575pt>
File: ../rc_test/outputs/20170516_proportional_test/hand_pale_to_hand_light.jpg
 Graphic file (type jpg)

<use ../rc_test/outputs/20170516_proportional_test/hand_pale_to_hand_light.jpg>
Package pdftex.def Info: ../rc_test/outputs/20170516_proportional_test/hand_pal
e_to_hand_light.jpg used on input line 124.
(pdftex.def)             Requested size: 131.34978pt x 98.8407pt.

Overfull \hbox (20.26859pt too wide) in alignment at lines 1--127
 [] [] [] [] 
 []

[20 <../rc_test/outputs/20170516_proportional_test/hand_dark_to_hand_brown.jpg>
 <../rc_test/outputs/20170516_proportional_test/hand_dark_to_hand_light.jpg> <.
./rc_test/outputs/20170516_proportional_test/hand_dark_to_hand_pale.jpg> <../rc
_test/outputs/20170516_proportional_test/hand_brown_to_hand_dark.jpg>] [21 <../
rc_test/outputs/20170516_proportional_test/hand_brown_to_hand_light.jpg> <../rc
_test/outputs/20170516_proportional_test/hand_brown_to_hand_pale.jpg> <../rc_te
st/outputs/20170516_proportional_test/hand_light_to_hand_dark.jpg> <../rc_test/
outputs/20170516_proportional_test/hand_light_to_hand_brown.jpg> <../rc_test/ou
tputs/20170516_proportional_test/hand_light_to_hand_pale.jpg> <../rc_test/outpu
ts/20170516_proportional_test/hand_pale_to_hand_dark.jpg>])
File: ../rc_test/outputs/20170516_boost_test/hand_dark_to_hand_light.jpg Graphi
c file (type jpg)

<use ../rc_test/outputs/20170516_boost_test/hand_dark_to_hand_light.jpg>
Package pdftex.def Info: ../rc_test/outputs/20170516_boost_test/hand_dark_to_ha
nd_light.jpg used on input line 29.
(pdftex.def)             Requested size: 181.18439pt x 129.53842pt.
File: ../rc_test/outputs/20170516_proportional_test/hand_dark_to_hand_light.jpg
 Graphic file (type jpg)

<use ../rc_test/outputs/20170516_proportional_test/hand_dark_to_hand_light.jpg>
Package pdftex.def Info: ../rc_test/outputs/20170516_proportional_test/hand_dar
k_to_hand_light.jpg used on input line 34.
(pdftex.def)             Requested size: 181.18439pt x 129.53842pt.

Underfull \hbox (badness 3657) in paragraph at lines 35--35
[]\OT1/cmr/m/n/10.95 (b) |Pro-por-tional ad-just-ment al-go-
 []

) (./methods_algo_prop_corr.tex [22 <../rc_test/outputs/20170516_proportional_t
est/hand_pale_to_hand_brown.jpg> <../rc_test/outputs/20170516_proportional_test
/hand_pale_to_hand_light.jpg>]

LaTeX Warning: Reference `app:prop_corr_a1p1' on page 23 undefined on input lin
e 20.

(./latex_maker/prop_correct_ave_test_a1p1_perc10-label.tex
(./latex_maker/prop_correct_ave_test_a1p1_perc10_label/hand_dark_to_hand_brown.
tex
File: ../inputs/hand_dark.jpg Graphic file (type jpg)
 <use ../inputs/hand_dark.jpg>
Package pdftex.def Info: ../inputs/hand_dark.jpg used on input line 3.
(pdftex.def)             Requested size: 131.34978pt x 93.91508pt.
File: ../inputs/hand_brown.jpg Graphic file (type jpg)
 <use ../inputs/hand_brown.jpg>
Package pdftex.def Info: ../inputs/hand_brown.jpg used on input line 6.
(pdftex.def)             Requested size: 131.35909pt x 93.70042pt.

<../rc_test/outputs/20170524_prop_corr_1p1_ave_10/hand_dark_to_hand_brown.jpg, 
id=503, 1003.75pt x 717.68124pt>
File: ../rc_test/outputs/20170524_prop_corr_1p1_ave_10/hand_dark_to_hand_brown.
jpg Graphic file (type jpg)

<use ../rc_test/outputs/20170524_prop_corr_1p1_ave_10/hand_dark_to_hand_brown.j
pg>
Package pdftex.def Info: ../rc_test/outputs/20170524_prop_corr_1p1_ave_10/hand_
dark_to_hand_brown.jpg used on input line 9.
(pdftex.def)             Requested size: 131.34978pt x 93.91508pt.
)
(./latex_maker/prop_correct_ave_test_a1p1_perc10_label/hand_dark_to_hand_light.
tex
File: ../inputs/hand_dark.jpg Graphic file (type jpg)
 <use ../inputs/hand_dark.jpg>
Package pdftex.def Info: ../inputs/hand_dark.jpg used on input line 3.
(pdftex.def)             Requested size: 131.34978pt x 93.91508pt.
File: ../inputs/hand_light.jpg Graphic file (type jpg)
 <use ../inputs/hand_light.jpg>
Package pdftex.def Info: ../inputs/hand_light.jpg used on input line 6.
(pdftex.def)             Requested size: 131.34978pt x 112.1727pt.

<../rc_test/outputs/20170524_prop_corr_1p1_ave_10/hand_dark_to_hand_light.jpg, 
id=504, 1003.75pt x 717.68124pt>
File: ../rc_test/outputs/20170524_prop_corr_1p1_ave_10/hand_dark_to_hand_light.
jpg Graphic file (type jpg)

<use ../rc_test/outputs/20170524_prop_corr_1p1_ave_10/hand_dark_to_hand_light.j
pg>
Package pdftex.def Info: ../rc_test/outputs/20170524_prop_corr_1p1_ave_10/hand_
dark_to_hand_light.jpg used on input line 9.
(pdftex.def)             Requested size: 131.34978pt x 93.91508pt.
)
(./latex_maker/prop_correct_ave_test_a1p1_perc10_label/hand_dark_to_hand_pale.t
ex
File: ../inputs/hand_dark.jpg Graphic file (type jpg)
 <use ../inputs/hand_dark.jpg>
Package pdftex.def Info: ../inputs/hand_dark.jpg used on input line 3.
(pdftex.def)             Requested size: 131.34978pt x 93.91508pt.
File: ../inputs/hand_pale.jpg Graphic file (type jpg)
 <use ../inputs/hand_pale.jpg>
Package pdftex.def Info: ../inputs/hand_pale.jpg used on input line 6.
(pdftex.def)             Requested size: 131.34978pt x 98.8407pt.

<../rc_test/outputs/20170524_prop_corr_1p1_ave_10/hand_dark_to_hand_pale.jpg, i
d=505, 1003.75pt x 717.68124pt>
File: ../rc_test/outputs/20170524_prop_corr_1p1_ave_10/hand_dark_to_hand_pale.j
pg Graphic file (type jpg)

<use ../rc_test/outputs/20170524_prop_corr_1p1_ave_10/hand_dark_to_hand_pale.jp
g>
Package pdftex.def Info: ../rc_test/outputs/20170524_prop_corr_1p1_ave_10/hand_
dark_to_hand_pale.jpg used on input line 9.
(pdftex.def)             Requested size: 131.34978pt x 93.91508pt.
)
(./latex_maker/prop_correct_ave_test_a1p1_perc10_label/hand_brown_to_hand_dark.
tex
File: ../inputs/hand_brown.jpg Graphic file (type jpg)
 <use ../inputs/hand_brown.jpg>
Package pdftex.def Info: ../inputs/hand_brown.jpg used on input line 3.
(pdftex.def)             Requested size: 131.35909pt x 93.70042pt.
File: ../inputs/hand_dark.jpg Graphic file (type jpg)
 <use ../inputs/hand_dark.jpg>
Package pdftex.def Info: ../inputs/hand_dark.jpg used on input line 6.
(pdftex.def)             Requested size: 131.34978pt x 93.91508pt.

<../rc_test/outputs/20170524_prop_corr_1p1_ave_10/hand_brown_to_hand_dark.jpg, 
id=506, 738.76pt x 526.96875pt>
File: ../rc_test/outputs/20170524_prop_corr_1p1_ave_10/hand_brown_to_hand_dark.
jpg Graphic file (type jpg)

<use ../rc_test/outputs/20170524_prop_corr_1p1_ave_10/hand_brown_to_hand_dark.j
pg>
Package pdftex.def Info: ../rc_test/outputs/20170524_prop_corr_1p1_ave_10/hand_
brown_to_hand_dark.jpg used on input line 9.
(pdftex.def)             Requested size: 131.35909pt x 93.70042pt.
)
(./latex_maker/prop_correct_ave_test_a1p1_perc10_label/hand_brown_to_hand_light
.tex
File: ../inputs/hand_brown.jpg Graphic file (type jpg)
 <use ../inputs/hand_brown.jpg>
Package pdftex.def Info: ../inputs/hand_brown.jpg used on input line 3.
(pdftex.def)             Requested size: 131.35909pt x 93.70042pt.
File: ../inputs/hand_light.jpg Graphic file (type jpg)
 <use ../inputs/hand_light.jpg>
Package pdftex.def Info: ../inputs/hand_light.jpg used on input line 6.
(pdftex.def)             Requested size: 131.34978pt x 112.1727pt.

<../rc_test/outputs/20170524_prop_corr_1p1_ave_10/hand_brown_to_hand_light.jpg,
 id=507, 738.76pt x 526.96875pt>
File: ../rc_test/outputs/20170524_prop_corr_1p1_ave_10/hand_brown_to_hand_light
.jpg Graphic file (type jpg)

<use ../rc_test/outputs/20170524_prop_corr_1p1_ave_10/hand_brown_to_hand_light.
jpg>
Package pdftex.def Info: ../rc_test/outputs/20170524_prop_corr_1p1_ave_10/hand_
brown_to_hand_light.jpg used on input line 9.
(pdftex.def)             Requested size: 131.35909pt x 93.70042pt.
)
(./latex_maker/prop_correct_ave_test_a1p1_perc10_label/hand_brown_to_hand_pale.
tex
File: ../inputs/hand_brown.jpg Graphic file (type jpg)
 <use ../inputs/hand_brown.jpg>
Package pdftex.def Info: ../inputs/hand_brown.jpg used on input line 3.
(pdftex.def)             Requested size: 131.35909pt x 93.70042pt.
File: ../inputs/hand_pale.jpg Graphic file (type jpg)
 <use ../inputs/hand_pale.jpg>
Package pdftex.def Info: ../inputs/hand_pale.jpg used on input line 6.
(pdftex.def)             Requested size: 131.34978pt x 98.8407pt.

<../rc_test/outputs/20170524_prop_corr_1p1_ave_10/hand_brown_to_hand_pale.jpg, 
id=508, 738.76pt x 526.96875pt>
File: ../rc_test/outputs/20170524_prop_corr_1p1_ave_10/hand_brown_to_hand_pale.
jpg Graphic file (type jpg)

<use ../rc_test/outputs/20170524_prop_corr_1p1_ave_10/hand_brown_to_hand_pale.j
pg>
Package pdftex.def Info: ../rc_test/outputs/20170524_prop_corr_1p1_ave_10/hand_
brown_to_hand_pale.jpg used on input line 9.
(pdftex.def)             Requested size: 131.35909pt x 93.70042pt.
)
(./latex_maker/prop_correct_ave_test_a1p1_perc10_label/hand_light_to_hand_dark.
tex
File: ../inputs/hand_light.jpg Graphic file (type jpg)
 <use ../inputs/hand_light.jpg>
Package pdftex.def Info: ../inputs/hand_light.jpg used on input line 3.
(pdftex.def)             Requested size: 131.34978pt x 112.1727pt.
File: ../inputs/hand_dark.jpg Graphic file (type jpg)
 <use ../inputs/hand_dark.jpg>
Package pdftex.def Info: ../inputs/hand_dark.jpg used on input line 6.
(pdftex.def)             Requested size: 131.34978pt x 93.91508pt.

<../rc_test/outputs/20170524_prop_corr_1p1_ave_10/hand_light_to_hand_dark.jpg, 
id=509, 1003.75pt x 857.2025pt>
File: ../rc_test/outputs/20170524_prop_corr_1p1_ave_10/hand_light_to_hand_dark.
jpg Graphic file (type jpg)

<use ../rc_test/outputs/20170524_prop_corr_1p1_ave_10/hand_light_to_hand_dark.j
pg>
Package pdftex.def Info: ../rc_test/outputs/20170524_prop_corr_1p1_ave_10/hand_
light_to_hand_dark.jpg used on input line 9.
(pdftex.def)             Requested size: 131.34978pt x 112.1727pt.
)
(./latex_maker/prop_correct_ave_test_a1p1_perc10_label/hand_light_to_hand_brown
.tex
File: ../inputs/hand_light.jpg Graphic file (type jpg)
 <use ../inputs/hand_light.jpg>
Package pdftex.def Info: ../inputs/hand_light.jpg used on input line 3.
(pdftex.def)             Requested size: 131.34978pt x 112.1727pt.
File: ../inputs/hand_brown.jpg Graphic file (type jpg)
 <use ../inputs/hand_brown.jpg>
Package pdftex.def Info: ../inputs/hand_brown.jpg used on input line 6.
(pdftex.def)             Requested size: 131.35909pt x 93.70042pt.

<../rc_test/outputs/20170524_prop_corr_1p1_ave_10/hand_light_to_hand_brown.jpg,
 id=510, 1003.75pt x 857.2025pt>
File: ../rc_test/outputs/20170524_prop_corr_1p1_ave_10/hand_light_to_hand_brown
.jpg Graphic file (type jpg)

<use ../rc_test/outputs/20170524_prop_corr_1p1_ave_10/hand_light_to_hand_brown.
jpg>
Package pdftex.def Info: ../rc_test/outputs/20170524_prop_corr_1p1_ave_10/hand_
light_to_hand_brown.jpg used on input line 9.
(pdftex.def)             Requested size: 131.34978pt x 112.1727pt.
)
(./latex_maker/prop_correct_ave_test_a1p1_perc10_label/hand_light_to_hand_pale.
tex
File: ../inputs/hand_light.jpg Graphic file (type jpg)
 <use ../inputs/hand_light.jpg>
Package pdftex.def Info: ../inputs/hand_light.jpg used on input line 3.
(pdftex.def)             Requested size: 131.34978pt x 112.1727pt.
File: ../inputs/hand_pale.jpg Graphic file (type jpg)
 <use ../inputs/hand_pale.jpg>
Package pdftex.def Info: ../inputs/hand_pale.jpg used on input line 6.
(pdftex.def)             Requested size: 131.34978pt x 98.8407pt.

<../rc_test/outputs/20170524_prop_corr_1p1_ave_10/hand_light_to_hand_pale.jpg, 
id=511, 1003.75pt x 857.2025pt>
File: ../rc_test/outputs/20170524_prop_corr_1p1_ave_10/hand_light_to_hand_pale.
jpg Graphic file (type jpg)

<use ../rc_test/outputs/20170524_prop_corr_1p1_ave_10/hand_light_to_hand_pale.j
pg>
Package pdftex.def Info: ../rc_test/outputs/20170524_prop_corr_1p1_ave_10/hand_
light_to_hand_pale.jpg used on input line 9.
(pdftex.def)             Requested size: 131.34978pt x 112.1727pt.
)
(./latex_maker/prop_correct_ave_test_a1p1_perc10_label/hand_pale_to_hand_dark.t
ex
File: ../inputs/hand_pale.jpg Graphic file (type jpg)
 <use ../inputs/hand_pale.jpg>
Package pdftex.def Info: ../inputs/hand_pale.jpg used on input line 3.
(pdftex.def)             Requested size: 131.34978pt x 98.8407pt.
File: ../inputs/hand_dark.jpg Graphic file (type jpg)
 <use ../inputs/hand_dark.jpg>
Package pdftex.def Info: ../inputs/hand_dark.jpg used on input line 6.
(pdftex.def)             Requested size: 131.34978pt x 93.91508pt.

<../rc_test/outputs/20170524_prop_corr_1p1_ave_10/hand_pale_to_hand_dark.jpg, i
d=512, 803.0pt x 604.2575pt>
File: ../rc_test/outputs/20170524_prop_corr_1p1_ave_10/hand_pale_to_hand_dark.j
pg Graphic file (type jpg)

<use ../rc_test/outputs/20170524_prop_corr_1p1_ave_10/hand_pale_to_hand_dark.jp
g>
Package pdftex.def Info: ../rc_test/outputs/20170524_prop_corr_1p1_ave_10/hand_
pale_to_hand_dark.jpg used on input line 9.
(pdftex.def)             Requested size: 131.34978pt x 98.8407pt.
)
(./latex_maker/prop_correct_ave_test_a1p1_perc10_label/hand_pale_to_hand_brown.
tex
File: ../inputs/hand_pale.jpg Graphic file (type jpg)
 <use ../inputs/hand_pale.jpg>
Package pdftex.def Info: ../inputs/hand_pale.jpg used on input line 3.
(pdftex.def)             Requested size: 131.34978pt x 98.8407pt.
File: ../inputs/hand_brown.jpg Graphic file (type jpg)
 <use ../inputs/hand_brown.jpg>
Package pdftex.def Info: ../inputs/hand_brown.jpg used on input line 6.
(pdftex.def)             Requested size: 131.35909pt x 93.70042pt.

<../rc_test/outputs/20170524_prop_corr_1p1_ave_10/hand_pale_to_hand_brown.jpg, 
id=513, 803.0pt x 604.2575pt>
File: ../rc_test/outputs/20170524_prop_corr_1p1_ave_10/hand_pale_to_hand_brown.
jpg Graphic file (type jpg)

<use ../rc_test/outputs/20170524_prop_corr_1p1_ave_10/hand_pale_to_hand_brown.j
pg>
Package pdftex.def Info: ../rc_test/outputs/20170524_prop_corr_1p1_ave_10/hand_
pale_to_hand_brown.jpg used on input line 9.
(pdftex.def)             Requested size: 131.34978pt x 98.8407pt.
)
(./latex_maker/prop_correct_ave_test_a1p1_perc10_label/hand_pale_to_hand_light.
tex
File: ../inputs/hand_pale.jpg Graphic file (type jpg)
 <use ../inputs/hand_pale.jpg>
Package pdftex.def Info: ../inputs/hand_pale.jpg used on input line 3.
(pdftex.def)             Requested size: 131.34978pt x 98.8407pt.
File: ../inputs/hand_light.jpg Graphic file (type jpg)
 <use ../inputs/hand_light.jpg>
Package pdftex.def Info: ../inputs/hand_light.jpg used on input line 6.
(pdftex.def)             Requested size: 131.34978pt x 112.1727pt.

<../rc_test/outputs/20170524_prop_corr_1p1_ave_10/hand_pale_to_hand_light.jpg, 
id=514, 803.0pt x 604.2575pt>
File: ../rc_test/outputs/20170524_prop_corr_1p1_ave_10/hand_pale_to_hand_light.
jpg Graphic file (type jpg)

<use ../rc_test/outputs/20170524_prop_corr_1p1_ave_10/hand_pale_to_hand_light.j
pg>
Package pdftex.def Info: ../rc_test/outputs/20170524_prop_corr_1p1_ave_10/hand_
pale_to_hand_light.jpg used on input line 9.
(pdftex.def)             Requested size: 131.34978pt x 98.8407pt.
)
Overfull \hbox (20.26859pt too wide) in alignment at lines 1--19
 [] [] [] [] 
 []

[23 <../rc_test/outputs/20170524_prop_corr_1p1_ave_10/hand_dark_to_hand_brown.j
pg> <../rc_test/outputs/20170524_prop_corr_1p1_ave_10/hand_dark_to_hand_light.j
pg> <../rc_test/outputs/20170524_prop_corr_1p1_ave_10/hand_dark_to_hand_pale.jp
g>] [24 <../rc_test/outputs/20170524_prop_corr_1p1_ave_10/hand_brown_to_hand_da
rk.jpg> <../rc_test/outputs/20170524_prop_corr_1p1_ave_10/hand_brown_to_hand_li
ght.jpg> <../rc_test/outputs/20170524_prop_corr_1p1_ave_10/hand_brown_to_hand_p
ale.jpg> <../rc_test/outputs/20170524_prop_corr_1p1_ave_10/hand_light_to_hand_d
ark.jpg> <../rc_test/outputs/20170524_prop_corr_1p1_ave_10/hand_light_to_hand_b
rown.jpg> <../rc_test/outputs/20170524_prop_corr_1p1_ave_10/hand_light_to_hand_
pale.jpg>])
File: ../rc_test/outputs/20170516_proportional_test/hand_brown_to_hand_light.jp
g Graphic file (type jpg)

<use ../rc_test/outputs/20170516_proportional_test/hand_brown_to_hand_light.jpg
>
Package pdftex.def Info: ../rc_test/outputs/20170516_proportional_test/hand_bro
wn_to_hand_light.jpg used on input line 29.
(pdftex.def)             Requested size: 181.18439pt x 129.24113pt.

Underfull \hbox (badness 4036) in paragraph at lines 30--30
[]\OT1/cmr/m/n/10.95 (a) |Pro-por-tional ad-just-ment al-go-
 []


<../rc_test/outputs/20170522_proportional_corrected_test_alpha1p1/hand_brown_to
_hand_light.jpg, id=539, 738.76pt x 526.96875pt>
File: ../rc_test/outputs/20170522_proportional_corrected_test_alpha1p1/hand_bro
wn_to_hand_light.jpg Graphic file (type jpg)

<use ../rc_test/outputs/20170522_proportional_corrected_test_alpha1p1/hand_brow
n_to_hand_light.jpg>
Package pdftex.def Info: ../rc_test/outputs/20170522_proportional_corrected_tes
t_alpha1p1/hand_brown_to_hand_light.jpg used on input line 34.
(pdftex.def)             Requested size: 181.18439pt x 129.24113pt.

Underfull \hbox (badness 3657) in paragraph at lines 35--35
[]\OT1/cmr/m/n/10.95 (b) |Pro-por-tional ad-just-ment al-go-
 []

) [25 <../rc_test/outputs/20170524_prop_corr_1p1_ave_10/hand_pale_to_hand_dark.
jpg> <../rc_test/outputs/20170524_prop_corr_1p1_ave_10/hand_pale_to_hand_brown.
jpg> <../rc_test/outputs/20170524_prop_corr_1p1_ave_10/hand_pale_to_hand_light.
jpg> <../rc_test/outputs/20170522_proportional_corrected_test_alpha1p1/hand_bro
wn_to_hand_light.jpg>] (./methods_algo_prop_corr_perc.tex

LaTeX Warning: Reference `img:10_perc_mask' on page 26 undefined on input line 
3.

)) [26] [27] (./interim_report.bbl
** WARNING: IEEEtran.bst: No hyphenation pattern has been
** loaded for the language `English'. Using the pattern for
** the default language instead.
** WARNING: IEEEtran.bst: No hyphenation pattern has been
** loaded for the language `English'. Using the pattern for
** the default language instead.
** WARNING: IEEEtran.bst: No hyphenation pattern has been
** loaded for the language `English'. Using the pattern for
** the default language instead.
** WARNING: IEEEtran.bst: No hyphenation pattern has been
** loaded for the language `English'. Using the pattern for
** the default language instead.
** WARNING: IEEEtran.bst: No hyphenation pattern has been
** loaded for the language `English'. Using the pattern for
** the default language instead.
** WARNING: IEEEtran.bst: No hyphenation pattern has been
** loaded for the language `English'. Using the pattern for
** the default language instead.
** WARNING: IEEEtran.bst: No hyphenation pattern has been
** loaded for the language `English'. Using the pattern for
** the default language instead.
** WARNING: IEEEtran.bst: No hyphenation pattern has been
** loaded for the language `English'. Using the pattern for
** the default language instead.
[28]
** WARNING: IEEEtran.bst: No hyphenation pattern has been
** loaded for the language `English'. Using the pattern for
** the default language instead.
** WARNING: IEEEtran.bst: No hyphenation pattern has been
** loaded for the language `English'. Using the pattern for
** the default language instead.
** WARNING: IEEEtran.bst: No hyphenation pattern has been
** loaded for the language `English'. Using the pattern for
** the default language instead.
** WARNING: IEEEtran.bst: No hyphenation pattern has been
** loaded for the language `English'. Using the pattern for
** the default language instead.
** WARNING: IEEEtran.bst: No hyphenation pattern has been
** loaded for the language `English'. Using the pattern for
** the default language instead.
** WARNING: IEEEtran.bst: No hyphenation pattern has been
** loaded for the language `English'. Using the pattern for
** the default language instead.
** WARNING: IEEEtran.bst: No hyphenation pattern has been
** loaded for the language `English'. Using the pattern for
** the default language instead.
** WARNING: IEEEtran.bst: No hyphenation pattern has been
** loaded for the language `English'. Using the pattern for
** the default language instead.
) [29]
Package atveryend Info: Empty hook `BeforeClearDocument' on input line 85.
Package atveryend Info: Empty hook `AfterLastShipout' on input line 85.
 (./interim_report.aux)
Package atveryend Info: Executing hook `AtVeryEndDocument' on input line 85.
Package atveryend Info: Executing hook `AtEndAfterFileList' on input line 85.


Package rerunfilecheck Warning: File `interim_report.out' has changed.
(rerunfilecheck)                Rerun to get outlines right
(rerunfilecheck)                or use package `bookmark'.

Package rerunfilecheck Info: Checksums for `interim_report.out':
(rerunfilecheck)             Before: 87AD22D7350FE7EB470B6F091727A7E8;1664
(rerunfilecheck)             After:  BA37257143D7CA7BDAA000A608B3178C;1664.

LaTeX Warning: There were undefined references.


LaTeX Warning: There were multiply-defined labels.

 ) 
Here is how much of TeX's memory you used:
 9232 strings out of 494447
 154556 string characters out of 6166766
 250839 words of memory out of 5000000
 12196 multiletter control sequences out of 15000+600000
 9215 words of font info for 33 fonts, out of 8000000 for 9000
 319 hyphenation exceptions out of 8191
 42i,13n,49p,1553b,492s stack positions out of 5000i,500n,10000p,200000b,80000s
pdfTeX warning (dest): name{table.13} has been referenced but does not exist,
 replaced by a fixed one

pdfTeX warning (dest): name{figure.caption.21} has been referenced but does not
 exist, replaced by a fixed one

pdfTeX warning (dest): name{equation.3.4} has been referenced but does not exis
t, replaced by a fixed one

pdfTeX warning (dest): name{section*.22} has been referenced but does not exist
, replaced by a fixed one

</usr/local/texlive/2016basic/texmf-dist/fonts/type1/public/amsfonts/cm/cmbx12.
pfb></usr/local/texlive/2016basic/texmf-dist/fonts/type1/public/amsfonts/cm/cme
x10.pfb></usr/local/texlive/2016basic/texmf-dist/fonts/type1/public/amsfonts/cm
/cmmi12.pfb></usr/local/texlive/2016basic/texmf-dist/fonts/type1/public/amsfont
s/cm/cmmi8.pfb></usr/local/texlive/2016basic/texmf-dist/fonts/type1/public/amsf
onts/cm/cmr10.pfb></usr/local/texlive/2016basic/texmf-dist/fonts/type1/public/a
msfonts/cm/cmr12.pfb></usr/local/texlive/2016basic/texmf-dist/fonts/type1/publi
c/amsfonts/cm/cmr8.pfb></usr/local/texlive/2016basic/texmf-dist/fonts/type1/pub
lic/amsfonts/cm/cmsy10.pfb></usr/local/texlive/2016basic/texmf-dist/fonts/type1
/public/amsfonts/cm/cmsy8.pfb></usr/local/texlive/2016basic/texmf-dist/fonts/ty
pe1/public/amsfonts/cm/cmti12.pfb>
Output written on interim_report.pdf (29 pages, 9563705 bytes).
PDF statistics:
 659 PDF objects out of 1000 (max. 8388607)
 505 compressed objects within 6 object streams
 151 named destinations out of 1000 (max. 500000)
 523 words of extra memory for PDF output out of 10000 (max. 10000000)

